This is pdfTeX, Version 3.1415926-2.5-1.40.14 (MiKTeX 2.9) (preloaded format=pdflatex 2014.5.20)  28 AUG 2014 15:33
entering extended mode
**SPIKY15N.tex
(C:\Users\jdjukic\Documents\GitHub\SPIKY-paper\SPIKY15N.tex
LaTeX2e <2011/06/27>
Babel <v3.8m> and hyphenation patterns for english, afrikaans, ancientgreek, ar
abic, armenian, assamese, basque, bengali, bokmal, bulgarian, catalan, coptic, 
croatian, czech, danish, dutch, esperanto, estonian, farsi, finnish, french, ga
lician, german, german-x-2013-05-26, greek, gujarati, hindi, hungarian, iceland
ic, indonesian, interlingua, irish, italian, kannada, kurmanji, latin, latvian,
 lithuanian, malayalam, marathi, mongolian, mongolianlmc, monogreek, ngerman, n
german-x-2013-05-26, nynorsk, oriya, panjabi, pinyin, polish, portuguese, roman
ian, russian, sanskrit, serbian, slovak, slovenian, spanish, swedish, swissgerm
an, tamil, telugu, turkish, turkmen, ukenglish, ukrainian, uppersorbian, usengl
ishmax, welsh, loaded.
(C:\Users\jdjukic\Documents\GitHub\SPIKY-paper\elsart5p.cls
Document Class: elsart5p 2006/05/01, 2.19: Elsevier
(C:\Users\jdjukic\Documents\GitHub\SPIKY-paper\elsart.cls
Document Class: elsart 2006/05/01, 2.19: Elsevier
\@frontmatterwidth=\dimen102
\@bls=\dimen103
\eqntopsep=\skip41
\eqnarraycolsep=\dimen104
\labelwidthi=\dimen105
\labelwidthii=\dimen106
\labelwidthiii=\dimen107
\labelwidthiv=\dimen108
\@maxlistdepth=\count79
\eqnbaselineskip=\skip42
\eqnlineskip=\skip43
\mathindent=\dimen109
\rulepreskip=\dimen110
\rulepostskip=\dimen111
\c@section=\count80
\c@subsection=\count81
\c@subsubsection=\count82
\c@paragraph=\count83
\c@subparagraph=\count84
("C:\Program Files (x86)\MiKTeX 2.9\tex\latex\base\latexsym.sty"
Package: latexsym 1998/08/17 v2.2e Standard LaTeX package (lasy symbols)
\symlasy=\mathgroup4
LaTeX Font Info:    Overwriting symbol font `lasy' in version `bold'
(Font)                  U/lasy/m/n --> U/lasy/b/n on input line 47.
)
\c@thm=\count85
\c@alg=\count86
\c@algorithm=\count87
\c@note=\count88
\c@summ=\count89
\c@case=\count90
\@tempcntc=\count91
\c@figure=\count92
\c@table=\count93
\t@glob@notes=\toks14
\t@loc@notes=\toks15
\note@cnt=\count94
\corauth@text=\toks16
\email@text=\toks17
\url@text=\toks18
\c@corauth=\count95
\c@author=\count96
\n@author=\count97
\c@collab=\count98
\n@collab=\count99
\c@address=\count100
\sv@mathsurround=\dimen112
\sv@hyphenpenalty=\count101
\prev@elem=\count102
\cur@elem=\count103
\fm@box=\box26
\fm@size=\dimen113
\t@abstract=\box27
\t@keyword=\box28
\t@xtheight=\dimen114
\@logoheight=\dimen115
\@pubyear=\count104
\c@firstpage=\count105
\c@lastpage=\count106
\slashbox=\box29
LaTeX Font Info:    External font `cmex10' loaded for size
(Font)              <12> on input line 1404.
LaTeX Font Info:    External font `cmex10' loaded for size
(Font)              <8> on input line 1404.
LaTeX Font Info:    External font `cmex10' loaded for size
(Font)              <6> on input line 1404.
LaTeX Font Info:    Try loading font information for U+lasy on input line 1404.


("C:\Program Files (x86)\MiKTeX 2.9\tex\latex\base\ulasy.fd"
File: ulasy.fd 1998/08/17 v2.2e LaTeX symbol font definitions
)
\Slashbox=\box30
LaTeX Font Info:    External font `cmex10' loaded for size
(Font)              <14.4> on input line 1405.
LaTeX Font Info:    External font `cmex10' loaded for size
(Font)              <7> on input line 1405.
)
\Arrayrulewidth=\dimen116
\crulepostskip=\dimen117
\@Ldec=\dimen118
\@Rdec=\dimen119
\@Lpmdec=\dimen120
\@Rpmdec=\dimen121
)
("C:\Program Files (x86)\MiKTeX 2.9\tex\latex\graphics\graphicx.sty"
Package: graphicx 1999/02/16 v1.0f Enhanced LaTeX Graphics (DPC,SPQR)

("C:\Program Files (x86)\MiKTeX 2.9\tex\latex\graphics\keyval.sty"
Package: keyval 1999/03/16 v1.13 key=value parser (DPC)
\KV@toks@=\toks19
)
("C:\Program Files (x86)\MiKTeX 2.9\tex\latex\graphics\graphics.sty"
Package: graphics 2009/02/05 v1.0o Standard LaTeX Graphics (DPC,SPQR)

("C:\Program Files (x86)\MiKTeX 2.9\tex\latex\graphics\trig.sty"
Package: trig 1999/03/16 v1.09 sin cos tan (DPC)
)
("C:\Program Files (x86)\MiKTeX 2.9\tex\latex\00miktex\graphics.cfg"
File: graphics.cfg 2007/01/18 v1.5 graphics configuration of teTeX/TeXLive
)
Package graphics Info: Driver file: pdftex.def on input line 91.

("C:\Program Files (x86)\MiKTeX 2.9\tex\latex\pdftex-def\pdftex.def"
File: pdftex.def 2011/05/27 v0.06d Graphics/color for pdfTeX

("C:\Program Files (x86)\MiKTeX 2.9\tex\generic\oberdiek\infwarerr.sty"
Package: infwarerr 2010/04/08 v1.3 Providing info/warning/error messages (HO)
)
("C:\Program Files (x86)\MiKTeX 2.9\tex\generic\oberdiek\ltxcmds.sty"
Package: ltxcmds 2011/11/09 v1.22 LaTeX kernel commands for general use (HO)
)
\Gread@gobject=\count107
))
\Gin@req@height=\dimen122
\Gin@req@width=\dimen123
)
("C:\Program Files (x86)\MiKTeX 2.9\tex\latex\tools\dcolumn.sty"
Package: dcolumn 2001/05/28 v1.06 decimal alignment package (DPC)

("C:\Program Files (x86)\MiKTeX 2.9\tex\latex\tools\array.sty"
Package: array 2008/09/09 v2.4c Tabular extension package (FMi)
\col@sep=\dimen124
\extrarowheight=\dimen125
\NC@list=\toks20
\extratabsurround=\skip44
\backup@length=\skip45
))
("C:\Program Files (x86)\MiKTeX 2.9\tex\latex\amsmath\amsmath.sty"
Package: amsmath 2013/01/14 v2.14 AMS math features
\@mathmargin=\skip46

For additional information on amsmath, use the `?' option.
("C:\Program Files (x86)\MiKTeX 2.9\tex\latex\amsmath\amstext.sty"
Package: amstext 2000/06/29 v2.01

("C:\Program Files (x86)\MiKTeX 2.9\tex\latex\amsmath\amsgen.sty"
File: amsgen.sty 1999/11/30 v2.0
\@emptytoks=\toks21
\ex@=\dimen126
))
("C:\Program Files (x86)\MiKTeX 2.9\tex\latex\amsmath\amsbsy.sty"
Package: amsbsy 1999/11/29 v1.2d
\pmbraise@=\dimen127
)
("C:\Program Files (x86)\MiKTeX 2.9\tex\latex\amsmath\amsopn.sty"
Package: amsopn 1999/12/14 v2.01 operator names
LaTeX Info: Redefining \operatorname on input line 46.
)
\inf@bad=\count108
LaTeX Info: Redefining \frac on input line 210.
\uproot@=\count109
\leftroot@=\count110
LaTeX Info: Redefining \overline on input line 306.
\classnum@=\count111
\DOTSCASE@=\count112
LaTeX Info: Redefining \ldots on input line 378.
LaTeX Info: Redefining \dots on input line 381.
LaTeX Info: Redefining \cdots on input line 466.
\Mathstrutbox@=\box31
\strutbox@=\box32
\big@size=\dimen128
LaTeX Font Info:    Redeclaring font encoding OML on input line 566.
LaTeX Font Info:    Redeclaring font encoding OMS on input line 567.
\macc@depth=\count113
\c@MaxMatrixCols=\count114
\dotsspace@=\muskip10
\c@parentequation=\count115
\dspbrk@lvl=\count116
\tag@help=\toks22
\row@=\count117
\column@=\count118
\maxfields@=\count119
\andhelp@=\toks23
\eqnshift@=\dimen129
\alignsep@=\dimen130
\tagshift@=\dimen131
\tagwidth@=\dimen132
\totwidth@=\dimen133
\lineht@=\dimen134
\@envbody=\toks24
\multlinegap=\skip47
\multlinetaggap=\skip48
\mathdisplay@stack=\toks25
LaTeX Info: Redefining \[ on input line 2665.
LaTeX Info: Redefining \] on input line 2666.
)
("C:\Program Files (x86)\MiKTeX 2.9\tex\latex\amsfonts\amssymb.sty"
Package: amssymb 2013/01/14 v3.01 AMS font symbols

("C:\Program Files (x86)\MiKTeX 2.9\tex\latex\amsfonts\amsfonts.sty"
Package: amsfonts 2013/01/14 v3.01 Basic AMSFonts support
\symAMSa=\mathgroup5
\symAMSb=\mathgroup6
LaTeX Font Info:    Overwriting math alphabet `\mathfrak' in version `bold'
(Font)                  U/euf/m/n --> U/euf/b/n on input line 106.
))
("C:\Program Files (x86)\MiKTeX 2.9\tex\latex\tools\bm.sty"
Package: bm 2004/02/26 v1.1c Bold Symbol Support (DPC/FMi)
\symboldoperators=\mathgroup7
\symboldletters=\mathgroup8
\symboldsymbols=\mathgroup9
\symboldlasy=\mathgroup10
LaTeX Font Info:    Redeclaring math alphabet \mathbf on input line 138.
LaTeX Info: Redefining \bm on input line 204.
)
(C:\Users\jdjukic\Documents\GitHub\SPIKY-paper\natbib.sty
Package: natbib 2006/09/06 7.4a (PWD)
\bibhang=\skip49
\bibsep=\skip50
LaTeX Info: Redefining \cite on input line 541.
\c@NAT@ctr=\count120
)
("C:\Program Files (x86)\MiKTeX 2.9\tex\latex\hyperref\hyperref.sty"
Package: hyperref 2012/11/06 v6.83m Hypertext links for LaTeX

("C:\Program Files (x86)\MiKTeX 2.9\tex\generic\oberdiek\hobsub-hyperref.sty"
Package: hobsub-hyperref 2012/04/25 v1.12 Bundle oberdiek, subset hyperref (HO)


("C:\Program Files (x86)\MiKTeX 2.9\tex\generic\oberdiek\hobsub-generic.sty"
Package: hobsub-generic 2012/04/25 v1.12 Bundle oberdiek, subset generic (HO)
Package: hobsub 2012/04/25 v1.12 Construct package bundles (HO)
Package hobsub Info: Skipping package `infwarerr' (already loaded).
Package hobsub Info: Skipping package `ltxcmds' (already loaded).
Package: ifluatex 2010/03/01 v1.3 Provides the ifluatex switch (HO)
Package ifluatex Info: LuaTeX not detected.
Package: ifvtex 2010/03/01 v1.5 Detect VTeX and its facilities (HO)
Package ifvtex Info: VTeX not detected.
Package: intcalc 2007/09/27 v1.1 Expandable calculations with integers (HO)
Package: ifpdf 2011/01/30 v2.3 Provides the ifpdf switch (HO)
Package ifpdf Info: pdfTeX in PDF mode is detected.
Package: etexcmds 2011/02/16 v1.5 Avoid name clashes with e-TeX commands (HO)
Package etexcmds Info: Could not find \expanded.
(etexcmds)             That can mean that you are not using pdfTeX 1.50 or
(etexcmds)             that some package has redefined \expanded.
(etexcmds)             In the latter case, load this package earlier.
Package: kvsetkeys 2012/04/25 v1.16 Key value parser (HO)
Package: kvdefinekeys 2011/04/07 v1.3 Define keys (HO)
Package: pdftexcmds 2011/11/29 v0.20 Utility functions of pdfTeX for LuaTeX (HO
)
Package pdftexcmds Info: LuaTeX not detected.
Package pdftexcmds Info: \pdf@primitive is available.
Package pdftexcmds Info: \pdf@ifprimitive is available.
Package pdftexcmds Info: \pdfdraftmode found.
Package: pdfescape 2011/11/25 v1.13 Implements pdfTeX's escape features (HO)
Package: bigintcalc 2012/04/08 v1.3 Expandable calculations on big integers (HO
)
Package: bitset 2011/01/30 v1.1 Handle bit-vector datatype (HO)
Package: uniquecounter 2011/01/30 v1.2 Provide unlimited unique counter (HO)
)
Package hobsub Info: Skipping package `hobsub' (already loaded).
Package: letltxmacro 2010/09/02 v1.4 Let assignment for LaTeX macros (HO)
Package: hopatch 2011/06/24 v1.1 Wrapper for package hooks (HO)
Package: xcolor-patch 2011/01/30 xcolor patch
Package: atveryend 2011/06/30 v1.8 Hooks at the very end of document (HO)
Package atveryend Info: \enddocument detected (standard20110627).
Package: atbegshi 2011/10/05 v1.16 At begin shipout hook (HO)
Package: refcount 2011/10/16 v3.4 Data extraction from label references (HO)
Package: hycolor 2011/01/30 v1.7 Color options for hyperref/bookmark (HO)
)
("C:\Program Files (x86)\MiKTeX 2.9\tex\generic\ifxetex\ifxetex.sty"
Package: ifxetex 2010/09/12 v0.6 Provides ifxetex conditional
)
("C:\Program Files (x86)\MiKTeX 2.9\tex\latex\oberdiek\auxhook.sty"
Package: auxhook 2011/03/04 v1.3 Hooks for auxiliary files (HO)
)
("C:\Program Files (x86)\MiKTeX 2.9\tex\latex\oberdiek\kvoptions.sty"
Package: kvoptions 2011/06/30 v3.11 Key value format for package options (HO)
)
\@linkdim=\dimen135
\Hy@linkcounter=\count121
\Hy@pagecounter=\count122

("C:\Program Files (x86)\MiKTeX 2.9\tex\latex\hyperref\pd1enc.def"
File: pd1enc.def 2012/11/06 v6.83m Hyperref: PDFDocEncoding definition (HO)
)
\Hy@SavedSpaceFactor=\count123

("C:\Program Files (x86)\MiKTeX 2.9\tex\latex\00miktex\hyperref.cfg"
File: hyperref.cfg 2002/06/06 v1.2 hyperref configuration of TeXLive
)
Package hyperref Info: Hyper figures OFF on input line 4443.
Package hyperref Info: Link nesting OFF on input line 4448.
Package hyperref Info: Hyper index ON on input line 4451.
Package hyperref Info: Plain pages OFF on input line 4458.
Package hyperref Info: Backreferencing OFF on input line 4463.
Package hyperref Info: Implicit mode ON; LaTeX internals redefined.
Package hyperref Info: Bookmarks ON on input line 4688.
\c@Hy@tempcnt=\count124

("C:\Program Files (x86)\MiKTeX 2.9\tex\latex\url\url.sty"
\Urlmuskip=\muskip11
Package: url 2013/09/16  ver 3.4  Verb mode for urls, etc.
)
LaTeX Info: Redefining \url on input line 5041.
\XeTeXLinkMargin=\dimen136
\Fld@menulength=\count125
\Field@Width=\dimen137
\Fld@charsize=\dimen138
Package hyperref Info: Hyper figures OFF on input line 6295.
Package hyperref Info: Link nesting OFF on input line 6300.
Package hyperref Info: Hyper index ON on input line 6303.
Package hyperref Info: backreferencing OFF on input line 6310.
Package hyperref Info: Link coloring OFF on input line 6315.
Package hyperref Info: Link coloring with OCG OFF on input line 6320.
Package hyperref Info: PDF/A mode OFF on input line 6325.
LaTeX Info: Redefining \ref on input line 6365.
LaTeX Info: Redefining \pageref on input line 6369.
\Hy@abspage=\count126
\c@Item=\count127
\c@Hfootnote=\count128
)

Package hyperref Message: Driver (autodetected): hpdftex.

("C:\Program Files (x86)\MiKTeX 2.9\tex\latex\hyperref\hpdftex.def"
File: hpdftex.def 2012/11/06 v6.83m Hyperref driver for pdfTeX
\Fld@listcount=\count129
\c@bookmark@seq@number=\count130

("C:\Program Files (x86)\MiKTeX 2.9\tex\latex\oberdiek\rerunfilecheck.sty"
Package: rerunfilecheck 2011/04/15 v1.7 Rerun checks for auxiliary files (HO)
Package uniquecounter Info: New unique counter `rerunfilecheck' on input line 2
82.
)
\Hy@SectionHShift=\skip51
)
("C:\Program Files (x86)\MiKTeX 2.9\tex\latex\oberdiek\epstopdf.sty"
Package: epstopdf 2010/02/09 v2.5 Conversion with epstopdf on the fly (HO)

("C:\Program Files (x86)\MiKTeX 2.9\tex\latex\oberdiek\epstopdf-base.sty"
Package: epstopdf-base 2010/02/09 v2.5 Base part for package epstopdf

("C:\Program Files (x86)\MiKTeX 2.9\tex\latex\oberdiek\grfext.sty"
Package: grfext 2010/08/19 v1.1 Manage graphics extensions (HO)
)
Package grfext Info: Graphics extension search list:
(grfext)             [.png,.pdf,.jpg,.mps,.jpeg,.jbig2,.jb2,.PNG,.PDF,.JPG,.JPE
G,.JBIG2,.JB2,.eps]
(grfext)             \AppendGraphicsExtensions on input line 452.
))
No file SPIKY15N.aux.
LaTeX Font Info:    Checking defaults for OML/cmm/m/it on input line 43.
LaTeX Font Info:    ... okay on input line 43.
LaTeX Font Info:    Checking defaults for T1/cmr/m/n on input line 43.
LaTeX Font Info:    ... okay on input line 43.
LaTeX Font Info:    Checking defaults for OT1/cmr/m/n on input line 43.
LaTeX Font Info:    ... okay on input line 43.
LaTeX Font Info:    Checking defaults for OMS/cmsy/m/n on input line 43.
LaTeX Font Info:    ... okay on input line 43.
LaTeX Font Info:    Checking defaults for OMX/cmex/m/n on input line 43.
LaTeX Font Info:    ... okay on input line 43.
LaTeX Font Info:    Checking defaults for U/cmr/m/n on input line 43.
LaTeX Font Info:    ... okay on input line 43.
LaTeX Font Info:    Checking defaults for PD1/pdf/m/n on input line 43.
LaTeX Font Info:    ... okay on input line 43.
("C:\Program Files (x86)\MiKTeX 2.9\tex\context\base\supp-pdf.mkii"
[Loading MPS to PDF converter (version 2006.09.02).]
\scratchcounter=\count131
\scratchdimen=\dimen139
\scratchbox=\box33
\nofMPsegments=\count132
\nofMParguments=\count133
\everyMPshowfont=\toks26
\MPscratchCnt=\count134
\MPscratchDim=\dimen140
\MPnumerator=\count135
\makeMPintoPDFobject=\count136
\everyMPtoPDFconversion=\toks27
)
\AtBeginShipoutBox=\box34


Package hyperref Warning: Height of page (\paperheight) is invalid (0.0pt),
(hyperref)                using 11in.

Package hyperref Info: Link coloring OFF on input line 43.
("C:\Program Files (x86)\MiKTeX 2.9\tex\latex\hyperref\nameref.sty"
Package: nameref 2012/10/27 v2.43 Cross-referencing by name of section

("C:\Program Files (x86)\MiKTeX 2.9\tex\generic\oberdiek\gettitlestring.sty"
Package: gettitlestring 2010/12/03 v1.4 Cleanup title references (HO)
)
\c@section@level=\count137
)
LaTeX Info: Redefining \ref on input line 43.
LaTeX Info: Redefining \pageref on input line 43.
LaTeX Info: Redefining \nameref on input line 43.
\@outlinefile=\write3
LaTeX Font Info:    Try loading font information for U+msa on input line 47.

("C:\Program Files (x86)\MiKTeX 2.9\tex\latex\amsfonts\umsa.fd"
File: umsa.fd 2013/01/14 v3.01 AMS symbols A
)
LaTeX Font Info:    Try loading font information for U+msb on input line 47.

("C:\Program Files (x86)\MiKTeX 2.9\tex\latex\amsfonts\umsb.fd"
File: umsb.fd 2013/01/14 v3.01 AMS symbols B
)
LaTeX Font Info:    Font shape `U/lasy/b/n' in size <8> not available
(Font)              Font shape `U/lasy/m/n' tried instead on input line 55.
LaTeX Font Info:    Font shape `U/lasy/b/n' in size <6> not available
(Font)              Font shape `U/lasy/m/n' tried instead on input line 55.
LaTeX Font Info:    Font shape `U/lasy/b/n' in size <5> not available
(Font)              Font shape `U/lasy/m/n' tried instead on input line 55.
\c@sv@footnote=\count138
LaTeX Font Info:    Font shape `U/lasy/b/n' in size <7> not available
(Font)              Font shape `U/lasy/m/n' tried instead on input line 84.


Package natbib Warning: Citation `Pikovsky01' on page 1 undefined on input line
 86.


Package natbib Warning: Citation `Tiesinga08' on page 1 undefined on input line
 86.


Package natbib Warning: Citation `Shlens08' on page 1 undefined on input line 8
6.


Package natbib Warning: Citation `Nirenberg07' on page 1 undefined on input lin
e 86.


Package natbib Warning: Citation `Kumar10' on page 1 undefined on input line 86
.


Package natbib Warning: Citation `Mainen95' on page 1 undefined on input line 8
8.


Package natbib Warning: Citation `Victor05' on page 1 undefined on input line 8
8.


Package natbib Warning: Citation `Truccolo11' on page 1 undefined on input line
 90.


Package natbib Warning: Citation `Bower12' on page 1 undefined on input line 90
.


Package natbib Warning: Citation `Miller08' on page 1 undefined on input line 9
0.


Package natbib Warning: Citation `Mormann07' on page 1 undefined on input line 
90.


Package natbib Warning: Citation `Hochberg06' on page 1 undefined on input line
 90.


Package natbib Warning: Citation `Sanchez08' on page 1 undefined on input line 
90.


Underfull \vbox (badness 10000) has occurred while \output is active []

 [1{C:/ProgramData/MiKTeX/2.9/pdftex/config/pdftex.map}

]

LaTeX Warning: Reference `s:Measures' on page 2 undefined on input line 108.


LaTeX Warning: Reference `ss:Improvements' on page 2 undefined on input line 10
8.


LaTeX Warning: Reference `ss:Information-reduction' on page 2 undefined on inpu
t line 108.


LaTeX Warning: Reference `s:SPIKY' on page 2 undefined on input line 110.


LaTeX Warning: Reference `ss:Access' on page 2 undefined on input line 110.


LaTeX Warning: Reference `ss:Structure' on page 2 undefined on input line 110.


LaTeX Warning: Reference `ss:GUI-vs-loop' on page 2 undefined on input line 110
.


LaTeX Warning: Reference `ss:Spike-train-surrogates' on page 2 undefined on inp
ut line 110.


LaTeX Warning: Reference `ss:Comparison' on page 2 undefined on input line 110.



Package natbib Warning: Citation `Rusu14' on page 2 undefined on input line 110
.


LaTeX Warning: Reference `s:Discussion' on page 2 undefined on input line 110.


LaTeX Warning: Reference `fig:Fig1-SPIKE-Illustration' on page 2 undefined on i
nput line 121.


Underfull \vbox (badness 10000) has occurred while \output is active []



LaTeX Warning: Reference `sss:Edge-effect' on page 2 undefined on input line 13
9.


Package natbib Warning: Citation `Kreuz07c' on page 2 undefined on input line 1
44.


Package natbib Warning: Citation `Kreuz09' on page 2 undefined on input line 14
4.


LaTeX Warning: Reference `eq:ISI' on page 2 undefined on input line 144.


LaTeX Warning: Reference `fig:Fig1-SPIKE-Illustration' on page 2 undefined on i
nput line 144.


Package natbib Warning: Citation `Kreuz11' on page 2 undefined on input line 16
2.


Package natbib Warning: Citation `Kreuz13' on page 2 undefined on input line 16
2.


LaTeX Warning: File `Fig1_SPIKE_Illustration.eps' not found on input line 171.

Package epstopdf Info: Source file: <Fig1_SPIKE_Illustration.eps>
(epstopdf)             Output file: <Fig1_SPIKE_Illustration-eps-converted-to.p
df>
(epstopdf)             Command: <epstopdf --outfile=Fig1_SPIKE_Illustration-eps
-converted-to.pdf Fig1_SPIKE_Illustration.eps>
(epstopdf)             \includegraphics on input line 171.
Package epstopdf Info: Output file is already uptodate.

! Package pdftex.def Error: File `Fig1_SPIKE_Illustration-eps-converted-to.pdf'
 not found.

See the pdftex.def package documentation for explanation.
Type  H <return>  for immediate help.
 ...                                              
                                                  
l.171 ...[width=85mm]{Fig1_SPIKE_Illustration.eps}
                                                  
Using draft setting for this image.
Try typing  <return>  to proceed.
If that doesn't work, type  X <return>  to quit.

[2]

LaTeX Warning: Reference `fig:Fig1-SPIKE-Illustration' on page 3 undefined on i
nput line 189.

[3]

LaTeX Warning: Reference `eq:Prev-Spike-Dist' on page 4 undefined on input line
 246.


LaTeX Warning: Reference `eq:Bi-Spike-Diss-RT' on page 4 undefined on input lin
e 261.


Package natbib Warning: Citation `Kreuz13' on page 4 undefined on input line 29
5.


LaTeX Warning: Reference `fig:Fig2-SPIKE-Representations' on page 4 undefined o
n input line 295.

Package epstopdf Info: Source file: <Fig2_SPIKE_Representations.eps>
(epstopdf)                    date: 2014-08-28 15:31:19
(epstopdf)                    size: 52020 bytes
(epstopdf)             Output file: <Fig2_SPIKE_Representations-eps-converted-t
o.pdf>
(epstopdf)                    date: 2014-08-28 15:31:19
(epstopdf)                    size: 21217 bytes
(epstopdf)             Command: <epstopdf --outfile=Fig2_SPIKE_Representations-
eps-converted-to.pdf Fig2_SPIKE_Representations.eps>
(epstopdf)             \includegraphics on input line 304.
Package epstopdf Info: Output file is already uptodate.

<Fig2_SPIKE_Representations-eps-converted-to.pdf, id=59, 576.1525pt x 659.46375
pt>
File: Fig2_SPIKE_Representations-eps-converted-to.pdf Graphic file (type pdf)
 <use Fig2_SPIKE_Representations-eps-converted-to.pdf>
Package pdftex.def Info: Fig2_SPIKE_Representations-eps-converted-to.pdf used o
n input line 304.
(pdftex.def)             Requested size: 241.84842pt x 276.82195pt.
 [4]

LaTeX Warning: Reference `eq:Bi-Spike-Diss-Improved' on page 5 undefined on inp
ut line 316.


Package natbib Warning: Citation `Kreuz13' on page 5 undefined on input line 31
6.


Package natbib Warning: Citation `Kreuz13' on page 5 undefined on input line 31
6.


LaTeX Warning: Reference `sss:Sampling' on page 5 undefined on input line 316.


LaTeX Warning: Reference `fig:Fig2-SPIKE-Representations' on page 5 undefined o
n input line 318.


LaTeX Warning: Reference `fig:Fig2-SPIKE-Representations' on page 5 undefined o
n input line 324.


LaTeX Warning: Reference `fig:Fig2-SPIKE-Representations' on page 5 undefined o
n input line 324.


LaTeX Warning: Reference `fig:Fig2-SPIKE-Representations' on page 5 undefined o
n input line 324.


LaTeX Warning: Reference `fig:Fig2-SPIKE-Representations' on page 5 undefined o
n input line 328.

[5 <C:/Users/jdjukic/Documents/GitHub/SPIKY-paper/Fig2_SPIKE_Representations-ep
s-converted-to.pdf>]

LaTeX Warning: Reference `ss:Information-reduction' on page 6 undefined on inpu
t line 342.


Underfull \hbox (badness 10000) in paragraph at lines 347--348
\OT1/cmr/m/n/10 ([]$\OT1/cmtt/m/n/10 http : / / www . fi . isc . cnr . it / use
rs / thomas . kreuz /$
 []


Package natbib Warning: Citation `Kreuz13' on page 6 undefined on input line 35
5.


LaTeX Warning: Reference `fig:Fig3-SPIKY-Flowchart' on page 6 undefined on inpu
t line 360.


LaTeX Warning: Reference `sss:Input' on page 6 undefined on input line 360.

Package epstopdf Info: Source file: <Fig3_SPIKY_Flowchart.eps>
(epstopdf)                    date: 2014-08-28 15:31:19
(epstopdf)                    size: 4324158 bytes
(epstopdf)             Output file: <Fig3_SPIKY_Flowchart-eps-converted-to.pdf>

(epstopdf)                    date: 2014-08-28 15:31:19
(epstopdf)                    size: 315782 bytes
(epstopdf)             Command: <epstopdf --outfile=Fig3_SPIKY_Flowchart-eps-co
nverted-to.pdf Fig3_SPIKY_Flowchart.eps>
(epstopdf)             \includegraphics on input line 369.
Package epstopdf Info: Output file is already uptodate.

<Fig3_SPIKY_Flowchart-eps-converted-to.pdf, id=97, 1158.3275pt x 1157.32375pt>
File: Fig3_SPIKY_Flowchart-eps-converted-to.pdf Graphic file (type pdf)

<use Fig3_SPIKY_Flowchart-eps-converted-to.pdf>
Package pdftex.def Info: Fig3_SPIKY_Flowchart-eps-converted-to.pdf used on inpu
t line 369.
(pdftex.def)             Requested size: 241.84842pt x 241.63242pt.


LaTeX Warning: Reference `fig:Fig4-Movie-Screenshot' on page 6 undefined on inp
ut line 379.

Package epstopdf Info: Source file: <Fig4_Movie_Screenshot.eps>
(epstopdf)                    date: 2014-08-28 15:31:19
(epstopdf)                    size: 94413 bytes
(epstopdf)             Output file: <Fig4_Movie_Screenshot-eps-converted-to.pdf
>
(epstopdf)                    date: 2014-08-28 15:31:19
(epstopdf)                    size: 27270 bytes
(epstopdf)             Command: <epstopdf --outfile=Fig4_Movie_Screenshot-eps-c
onverted-to.pdf Fig4_Movie_Screenshot.eps>
(epstopdf)             \includegraphics on input line 388.
Package epstopdf Info: Output file is already uptodate.
<Fig4_Movie_Screenshot-eps-converted-to.pdf, id=98, 572.1375pt x 422.57875pt>
File: Fig4_Movie_Screenshot-eps-converted-to.pdf Graphic file (type pdf)

<use Fig4_Movie_Screenshot-eps-converted-to.pdf>
Package pdftex.def Info: Fig4_Movie_Screenshot-eps-converted-to.pdf used on inp
ut line 388.
(pdftex.def)             Requested size: 241.84842pt x 178.62961pt.
 [6]

LaTeX Warning: Reference `s:Measures' on page 7 undefined on input line 398.


Package natbib Warning: Citation `Kreuz11' on page 7 undefined on input line 39
8.


LaTeX Warning: Reference `ss:Information-reduction' on page 7 undefined on inpu
t line 398.


LaTeX Warning: Reference `ss:Limitations' on page 7 undefined on input line 400
.


LaTeX Warning: Reference `sss:Figure-Layout' on page 7 undefined on input line 
402.


LaTeX Warning: Reference `sss:Output' on page 7 undefined on input line 402.


Package natbib Warning: Citation `Kreuz13' on page 7 undefined on input line 40
9.


Underfull \vbox (badness 3503) has occurred while \output is active []

 [7 <C:/Users/jdjukic/Documents/GitHub/SPIKY-paper/Fig3_SPIKY_Flowchart-eps-con
verted-to.pdf> <C:/Users/jdjukic/Documents/GitHub/SPIKY-paper/Fig4_Movie_Screen
shot-eps-converted-to.pdf>]

LaTeX Warning: Reference `ss:Information-reduction' on page 8 undefined on inpu
t line 433.


Underfull \hbox (badness 4144) in paragraph at lines 433--434
\OT1/cmr/m/n/10 workspace for fur-ther pro-cess-ing. When one clicks
 []


Underfull \hbox (badness 10000) in paragraph at lines 433--434
\OT1/cmr/m/n/10 ables such as `SPIKY[]spikes', `SPIKY[]profile[]X[]1',
 []


LaTeX Warning: Reference `ss:Information-reduction' on page 8 undefined on inpu
t line 450.

[8]

Package natbib Warning: Citation `Kass05' on page 9 undefined on input line 457
.


Package natbib Warning: Citation `Gruen09' on page 9 undefined on input line 45
7.


Package natbib Warning: Citation `Louis10' on page 9 undefined on input line 45
7.


Package natbib Warning: Citation `Ross97' on page 9 undefined on input line 460
.


Overfull \hbox (15.25653pt too wide) in paragraph at lines 459--461
[]\OT1/cmr/m/n/10 The SPIKY-package con-tains a pro-gram `SPIKY[]loop[]surro'
 []

Package epstopdf Info: Source file: <Fig5_Performance_Comparison.eps>
(epstopdf)                    date: 2014-08-28 13:05:52
(epstopdf)                    size: 857862 bytes
(epstopdf)             Output file: <Fig5_Performance_Comparison-eps-converted-
to.pdf>
(epstopdf)                    date: 2014-08-28 15:31:19
(epstopdf)                    size: 14775 bytes
(epstopdf)             Command: <epstopdf --outfile=Fig5_Performance_Comparison
-eps-converted-to.pdf Fig5_Performance_Comparison.eps>
(epstopdf)             \includegraphics on input line 483.
Package epstopdf Info: Output file is already uptodate.

<Fig5_Performance_Comparison-eps-converted-to.pdf, id=150, 578.16pt x 433.62pt>
File: Fig5_Performance_Comparison-eps-converted-to.pdf Graphic file (type pdf)
<use Fig5_Performance_Comparison-eps-converted-to.pdf>
Package pdftex.def Info: Fig5_Performance_Comparison-eps-converted-to.pdf used 
on input line 483.
(pdftex.def)             Requested size: 241.84842pt x 181.38472pt.


LaTeX Warning: Reference `fig:Fig5-Performance-Comparison' on page 9 undefined 
on input line 489.


LaTeX Warning: Reference `Sampling' on page 9 undefined on input line 489.


Overfull \hbox (46.06789pt too wide) in paragraph at lines 489--490
[]\OT1/cmr/m/n/10 The setup for the com-par-i-son was taken from XXX(citerusu)X
XXX.
 []


Package natbib Warning: Citation `Papoutsi13' on page 9 undefined on input line
 500.


Package natbib Warning: Citation `DiPoppa13' on page 9 undefined on input line 
500.


Package natbib Warning: Citation `Rusu14' on page 9 undefined on input line 500
.


Package natbib Warning: Citation `Sacre14' on page 9 undefined on input line 50
0.


Underfull \vbox (badness 1292) has occurred while \output is active []

 [9 <C:/Users/jdjukic/Documents/GitHub/SPIKY-paper/Fig5_Performance_Comparison-
eps-converted-to.pdf>]
Underfull \vbox (badness 1052) has occurred while \output is active []


! Illegal unit of measure (pt inserted).
<to be read again> 
                   \relax 
l.547 \begin{thebibliography} {99}
                                  
Dimensions can be in units of em, ex, in, pt, pc,
cm, mm, dd, cc, nd, nc, bp, or sp; but yours is a new one!
I'll assume that you meant to say pt, for printer's points.
To recover gracefully from this error, it's best to
delete the erroneous units; e.g., type `2' to delete
two letters. (See Chapter 27 of The TeXbook.)

[10]
Missing character: There is no â in font cmr10!
Missing character: There is no € in font cmr10!
Missing character: There is no “ in font cmr10!
 [11

]

Package natbib Warning: There were undefined citations.


! LaTeX Error: \begin{thebibliography} on input line 547 ended by \end{document
}.

See the LaTeX manual or LaTeX Companion for explanation.
Type  H <return>  for immediate help.
 ...                                              
                                                  
l.637 \end{document}
                    
Your command was ignored.
Type  I <command> <return>  to replace it with another command,
or  <return>  to continue without it.

Package atveryend Info: Empty hook `BeforeClearDocument' on input line 637.
Package atveryend Info: Empty hook `AfterLastShipout' on input line 637.
(C:\Users\jdjukic\Documents\GitHub\SPIKY-paper\SPIKY15N.aux

Package natbib Warning: Citation(s) may have changed.
(natbib)                Rerun to get citations correct.

)
Package atveryend Info: Executing hook `AtVeryEndDocument' on input line 637.
Package atveryend Info: Executing hook `AtEndAfterFileList' on input line 637.


Package rerunfilecheck Warning: File `SPIKY15N.out' has changed.
(rerunfilecheck)                Rerun to get outlines right
(rerunfilecheck)                or use package `bookmark'.

Package rerunfilecheck Info: Checksums for `SPIKY15N.out':
(rerunfilecheck)             Before: <no file>
(rerunfilecheck)             After:  6AA0968061BBC8BC0892F47E506C96FE;1084.

LaTeX Warning: There were undefined references.


LaTeX Warning: Label(s) may have changed. Rerun to get cross-references right.

Package atveryend Info: Empty hook `AtVeryVeryEnd' on input line 637.
 )
(\end occurred inside a group at level 1)

### semi simple group (level 1) entered at line 547 (\begingroup)
### bottom level 
Here is how much of TeX's memory you used:
 7061 strings out of 493921
 99188 string characters out of 3144870
 188214 words of memory out of 3000000
 10169 multiletter control sequences out of 15000+200000
 21447 words of font info for 85 fonts, out of 3000000 for 9000
 841 hyphenation exceptions out of 8191
 31i,8n,28p,1688b,429s stack positions out of 5000i,500n,10000p,200000b,50000s
<C:/Program Files (x86)/MiKTeX 2.9/fonts/type1/public/amsfonts/
cm/cmbx10.pfb><C:/Program Files (x86)/MiKTeX 2.9/fonts/type1/public/amsfonts/cm
/cmbx9.pfb><C:/Program Files (x86)/MiKTeX 2.9/fonts/type1/public/amsfonts/cm/cm
ex10.pfb><C:/Program Files (x86)/MiKTeX 2.9/fonts/type1/public/amsfonts/cm/cmmi
10.pfb><C:/Program Files (x86)/MiKTeX 2.9/fonts/type1/public/amsfonts/cm/cmmi5.
pfb><C:/Program Files (x86)/MiKTeX 2.9/fonts/type1/public/amsfonts/cm/cmmi6.pfb
><C:/Program Files (x86)/MiKTeX 2.9/fonts/type1/public/amsfonts/cm/cmmi7.pfb><C
:/Program Files (x86)/MiKTeX 2.9/fonts/type1/public/amsfonts/cm/cmmi8.pfb><C:/P
rogram Files (x86)/MiKTeX 2.9/fonts/type1/public/amsfonts/cm/cmr10.pfb><C:/Prog
ram Files (x86)/MiKTeX 2.9/fonts/type1/public/amsfonts/cm/cmr12.pfb><C:/Program
 Files (x86)/MiKTeX 2.9/fonts/type1/public/amsfonts/cm/cmr17.pfb><C:/Program Fi
les (x86)/MiKTeX 2.9/fonts/type1/public/amsfonts/cm/cmr6.pfb><C:/Program Files 
(x86)/MiKTeX 2.9/fonts/type1/public/amsfonts/cm/cmr7.pfb><C:/Program Files (x86
)/MiKTeX 2.9/fonts/type1/public/amsfonts/cm/cmr8.pfb><C:/Program Files (x86)/Mi
KTeX 2.9/fonts/type1/public/amsfonts/cm/cmr9.pfb><C:/Program Files (x86)/MiKTeX
 2.9/fonts/type1/public/amsfonts/cm/cmsl8.pfb><C:/Program Files (x86)/MiKTeX 2.
9/fonts/type1/public/amsfonts/cm/cmss8.pfb><C:/Program Files (x86)/MiKTeX 2.9/f
onts/type1/public/amsfonts/cm/cmsy10.pfb><C:/Program Files (x86)/MiKTeX 2.9/fon
ts/type1/public/amsfonts/cm/cmsy7.pfb><C:/Program Files (x86)/MiKTeX 2.9/fonts/
type1/public/amsfonts/cm/cmsy8.pfb><C:/Program Files (x86)/MiKTeX 2.9/fonts/typ
e1/public/amsfonts/cm/cmti10.pfb><C:/Program Files (x86)/MiKTeX 2.9/fonts/type1
/public/amsfonts/cm/cmti8.pfb><C:/Program Files (x86)/MiKTeX 2.9/fonts/type1/pu
blic/amsfonts/cm/cmtt10.pfb><C:/Program Files (x86)/MiKTeX 2.9/fonts/type1/publ
ic/amsfonts/cm/cmtt8.pfb>
Output written on SPIKY15N.pdf (11 pages, 707431 bytes).
PDF statistics:
 299 PDF objects out of 1000 (max. 8388607)
 91 named destinations out of 1000 (max. 500000)
 21 words of extra memory for PDF output out of 10000 (max. 10000000)

