This is pdfTeX, Version 3.1415926-2.5-1.40.14 (TeX Live 2013) (format=pdflatex 2014.5.8)  16 JUN 2014 14:45
entering extended mode
 restricted \write18 enabled.
 %&-line parsing enabled.
**SPIKY4.tex
(./SPIKY4.tex
LaTeX2e <2011/06/27>
Babel <3.9f> and hyphenation patterns for 78 languages loaded.
(./elsart5p.cls
Document Class: elsart5p 2006/05/01, 2.19: Elsevier
(./elsart.cls
Document Class: elsart 2006/05/01, 2.19: Elsevier
\@frontmatterwidth=\dimen102
\@bls=\dimen103
\eqntopsep=\skip41
\eqnarraycolsep=\dimen104
\labelwidthi=\dimen105
\labelwidthii=\dimen106
\labelwidthiii=\dimen107
\labelwidthiv=\dimen108
\@maxlistdepth=\count79
\eqnbaselineskip=\skip42
\eqnlineskip=\skip43
\mathindent=\dimen109
\rulepreskip=\dimen110
\rulepostskip=\dimen111
\c@section=\count80
\c@subsection=\count81
\c@subsubsection=\count82
\c@paragraph=\count83
\c@subparagraph=\count84
(/usr/local/texlive/2013/texmf-dist/tex/latex/base/latexsym.sty
Package: latexsym 1998/08/17 v2.2e Standard LaTeX package (lasy symbols)
\symlasy=\mathgroup4
LaTeX Font Info:    Overwriting symbol font `lasy' in version `bold'
(Font)                  U/lasy/m/n --> U/lasy/b/n on input line 47.
)
\c@thm=\count85
\c@alg=\count86
\c@algorithm=\count87
\c@note=\count88
\c@summ=\count89
\c@case=\count90
\@tempcntc=\count91
\c@figure=\count92
\c@table=\count93
\t@glob@notes=\toks14
\t@loc@notes=\toks15
\note@cnt=\count94
\corauth@text=\toks16
\email@text=\toks17
\url@text=\toks18
\c@corauth=\count95
\c@author=\count96
\n@author=\count97
\c@collab=\count98
\n@collab=\count99
\c@address=\count100
\sv@mathsurround=\dimen112
\sv@hyphenpenalty=\count101
\prev@elem=\count102
\cur@elem=\count103
\fm@box=\box26
\fm@size=\dimen113
\t@abstract=\box27
\t@keyword=\box28
\t@xtheight=\dimen114
\@logoheight=\dimen115
\@pubyear=\count104
\c@firstpage=\count105
\c@lastpage=\count106
\slashbox=\box29
LaTeX Font Info:    External font `cmex10' loaded for size
(Font)              <12> on input line 1404.
LaTeX Font Info:    External font `cmex10' loaded for size
(Font)              <8> on input line 1404.
LaTeX Font Info:    External font `cmex10' loaded for size
(Font)              <6> on input line 1404.
LaTeX Font Info:    Try loading font information for U+lasy on input line 1404.


(/usr/local/texlive/2013/texmf-dist/tex/latex/base/ulasy.fd
File: ulasy.fd 1998/08/17 v2.2e LaTeX symbol font definitions
)
\Slashbox=\box30
LaTeX Font Info:    External font `cmex10' loaded for size
(Font)              <14.4> on input line 1405.
LaTeX Font Info:    External font `cmex10' loaded for size
(Font)              <7> on input line 1405.
)
\Arrayrulewidth=\dimen116
\crulepostskip=\dimen117
\@Ldec=\dimen118
\@Rdec=\dimen119
\@Lpmdec=\dimen120
\@Rpmdec=\dimen121
)
(/usr/local/texlive/2013/texmf-dist/tex/latex/graphics/graphicx.sty
Package: graphicx 1999/02/16 v1.0f Enhanced LaTeX Graphics (DPC,SPQR)

(/usr/local/texlive/2013/texmf-dist/tex/latex/graphics/keyval.sty
Package: keyval 1999/03/16 v1.13 key=value parser (DPC)
\KV@toks@=\toks19
)
(/usr/local/texlive/2013/texmf-dist/tex/latex/graphics/graphics.sty
Package: graphics 2009/02/05 v1.0o Standard LaTeX Graphics (DPC,SPQR)

(/usr/local/texlive/2013/texmf-dist/tex/latex/graphics/trig.sty
Package: trig 1999/03/16 v1.09 sin cos tan (DPC)
)
(/usr/local/texlive/2013/texmf-dist/tex/latex/latexconfig/graphics.cfg
File: graphics.cfg 2010/04/23 v1.9 graphics configuration of TeX Live
)
Package graphics Info: Driver file: pdftex.def on input line 91.

(/usr/local/texlive/2013/texmf-dist/tex/latex/pdftex-def/pdftex.def
File: pdftex.def 2011/05/27 v0.06d Graphics/color for pdfTeX

(/usr/local/texlive/2013/texmf-dist/tex/generic/oberdiek/infwarerr.sty
Package: infwarerr 2010/04/08 v1.3 Providing info/warning/error messages (HO)
)
(/usr/local/texlive/2013/texmf-dist/tex/generic/oberdiek/ltxcmds.sty
Package: ltxcmds 2011/11/09 v1.22 LaTeX kernel commands for general use (HO)
)
\Gread@gobject=\count107
))
\Gin@req@height=\dimen122
\Gin@req@width=\dimen123
)
(/usr/local/texlive/2013/texmf-dist/tex/latex/tools/dcolumn.sty
Package: dcolumn 2001/05/28 v1.06 decimal alignment package (DPC)

(/usr/local/texlive/2013/texmf-dist/tex/latex/tools/array.sty
Package: array 2008/09/09 v2.4c Tabular extension package (FMi)
\col@sep=\dimen124
\extrarowheight=\dimen125
\NC@list=\toks20
\extratabsurround=\skip44
\backup@length=\skip45
))
(/usr/local/texlive/2013/texmf-dist/tex/latex/amsmath/amsmath.sty
Package: amsmath 2013/01/14 v2.14 AMS math features
\@mathmargin=\skip46

For additional information on amsmath, use the `?' option.
(/usr/local/texlive/2013/texmf-dist/tex/latex/amsmath/amstext.sty
Package: amstext 2000/06/29 v2.01

(/usr/local/texlive/2013/texmf-dist/tex/latex/amsmath/amsgen.sty
File: amsgen.sty 1999/11/30 v2.0
\@emptytoks=\toks21
\ex@=\dimen126
))
(/usr/local/texlive/2013/texmf-dist/tex/latex/amsmath/amsbsy.sty
Package: amsbsy 1999/11/29 v1.2d
\pmbraise@=\dimen127
)
(/usr/local/texlive/2013/texmf-dist/tex/latex/amsmath/amsopn.sty
Package: amsopn 1999/12/14 v2.01 operator names
LaTeX Info: Redefining \operatorname on input line 46.
)
\inf@bad=\count108
LaTeX Info: Redefining \frac on input line 210.
\uproot@=\count109
\leftroot@=\count110
LaTeX Info: Redefining \overline on input line 306.
\classnum@=\count111
\DOTSCASE@=\count112
LaTeX Info: Redefining \ldots on input line 378.
LaTeX Info: Redefining \dots on input line 381.
LaTeX Info: Redefining \cdots on input line 466.
\Mathstrutbox@=\box31
\strutbox@=\box32
\big@size=\dimen128
LaTeX Font Info:    Redeclaring font encoding OML on input line 566.
LaTeX Font Info:    Redeclaring font encoding OMS on input line 567.
\macc@depth=\count113
\c@MaxMatrixCols=\count114
\dotsspace@=\muskip10
\c@parentequation=\count115
\dspbrk@lvl=\count116
\tag@help=\toks22
\row@=\count117
\column@=\count118
\maxfields@=\count119
\andhelp@=\toks23
\eqnshift@=\dimen129
\alignsep@=\dimen130
\tagshift@=\dimen131
\tagwidth@=\dimen132
\totwidth@=\dimen133
\lineht@=\dimen134
\@envbody=\toks24
\multlinegap=\skip47
\multlinetaggap=\skip48
\mathdisplay@stack=\toks25
LaTeX Info: Redefining \[ on input line 2665.
LaTeX Info: Redefining \] on input line 2666.
)
(/usr/local/texlive/2013/texmf-dist/tex/latex/amsfonts/amssymb.sty
Package: amssymb 2013/01/14 v3.01 AMS font symbols

(/usr/local/texlive/2013/texmf-dist/tex/latex/amsfonts/amsfonts.sty
Package: amsfonts 2013/01/14 v3.01 Basic AMSFonts support
\symAMSa=\mathgroup5
\symAMSb=\mathgroup6
LaTeX Font Info:    Overwriting math alphabet `\mathfrak' in version `bold'
(Font)                  U/euf/m/n --> U/euf/b/n on input line 106.
))
(/usr/local/texlive/2013/texmf-dist/tex/latex/tools/bm.sty
Package: bm 2004/02/26 v1.1c Bold Symbol Support (DPC/FMi)
\symboldoperators=\mathgroup7
\symboldletters=\mathgroup8
\symboldsymbols=\mathgroup9
\symboldlasy=\mathgroup10
LaTeX Font Info:    Redeclaring math alphabet \mathbf on input line 138.
LaTeX Info: Redefining \bm on input line 204.
) (./natbib.sty
Package: natbib 2006/09/06 7.4a (PWD)
\bibhang=\skip49
\bibsep=\skip50
LaTeX Info: Redefining \cite on input line 541.
\c@NAT@ctr=\count120
)
No file SPIKY4.aux.
\openout1 = `SPIKY4.aux'.

LaTeX Font Info:    Checking defaults for OML/cmm/m/it on input line 44.
LaTeX Font Info:    ... okay on input line 44.
LaTeX Font Info:    Checking defaults for T1/cmr/m/n on input line 44.
LaTeX Font Info:    ... okay on input line 44.
LaTeX Font Info:    Checking defaults for OT1/cmr/m/n on input line 44.
LaTeX Font Info:    ... okay on input line 44.
LaTeX Font Info:    Checking defaults for OMS/cmsy/m/n on input line 44.
LaTeX Font Info:    ... okay on input line 44.
LaTeX Font Info:    Checking defaults for OMX/cmex/m/n on input line 44.
LaTeX Font Info:    ... okay on input line 44.
LaTeX Font Info:    Checking defaults for U/cmr/m/n on input line 44.
LaTeX Font Info:    ... okay on input line 44.
(/usr/local/texlive/2013/texmf-dist/tex/context/base/supp-pdf.mkii
[Loading MPS to PDF converter (version 2006.09.02).]
\scratchcounter=\count121
\scratchdimen=\dimen135
\scratchbox=\box33
\nofMPsegments=\count122
\nofMParguments=\count123
\everyMPshowfont=\toks26
\MPscratchCnt=\count124
\MPscratchDim=\dimen136
\MPnumerator=\count125
\makeMPintoPDFobject=\count126
\everyMPtoPDFconversion=\toks27
) (/usr/local/texlive/2013/texmf-dist/tex/generic/oberdiek/pdftexcmds.sty
Package: pdftexcmds 2011/11/29 v0.20 Utility functions of pdfTeX for LuaTeX (HO
)

(/usr/local/texlive/2013/texmf-dist/tex/generic/oberdiek/ifluatex.sty
Package: ifluatex 2010/03/01 v1.3 Provides the ifluatex switch (HO)
Package ifluatex Info: LuaTeX not detected.
)
(/usr/local/texlive/2013/texmf-dist/tex/generic/oberdiek/ifpdf.sty
Package: ifpdf 2011/01/30 v2.3 Provides the ifpdf switch (HO)
Package ifpdf Info: pdfTeX in PDF mode is detected.
)
Package pdftexcmds Info: LuaTeX not detected.
Package pdftexcmds Info: \pdf@primitive is available.
Package pdftexcmds Info: \pdf@ifprimitive is available.
Package pdftexcmds Info: \pdfdraftmode found.
)
(/usr/local/texlive/2013/texmf-dist/tex/latex/oberdiek/epstopdf-base.sty
Package: epstopdf-base 2010/02/09 v2.5 Base part for package epstopdf

(/usr/local/texlive/2013/texmf-dist/tex/latex/oberdiek/grfext.sty
Package: grfext 2010/08/19 v1.1 Manage graphics extensions (HO)

(/usr/local/texlive/2013/texmf-dist/tex/generic/oberdiek/kvdefinekeys.sty
Package: kvdefinekeys 2011/04/07 v1.3 Define keys (HO)
))
(/usr/local/texlive/2013/texmf-dist/tex/latex/oberdiek/kvoptions.sty
Package: kvoptions 2011/06/30 v3.11 Key value format for package options (HO)

(/usr/local/texlive/2013/texmf-dist/tex/generic/oberdiek/kvsetkeys.sty
Package: kvsetkeys 2012/04/25 v1.16 Key value parser (HO)

(/usr/local/texlive/2013/texmf-dist/tex/generic/oberdiek/etexcmds.sty
Package: etexcmds 2011/02/16 v1.5 Avoid name clashes with e-TeX commands (HO)
Package etexcmds Info: Could not find \expanded.
(etexcmds)             That can mean that you are not using pdfTeX 1.50 or
(etexcmds)             that some package has redefined \expanded.
(etexcmds)             In the latter case, load this package earlier.
)))
Package grfext Info: Graphics extension search list:
(grfext)             [.png,.pdf,.jpg,.mps,.jpeg,.jbig2,.jb2,.PNG,.PDF,.JPG,.JPE
G,.JBIG2,.JB2,.eps]
(grfext)             \AppendGraphicsExtensions on input line 452.

(/usr/local/texlive/2013/texmf-dist/tex/latex/latexconfig/epstopdf-sys.cfg
File: epstopdf-sys.cfg 2010/07/13 v1.3 Configuration of (r)epstopdf for TeX Liv
e
))
LaTeX Font Info:    Try loading font information for U+msa on input line 48.

(/usr/local/texlive/2013/texmf-dist/tex/latex/amsfonts/umsa.fd
File: umsa.fd 2013/01/14 v3.01 AMS symbols A
)
LaTeX Font Info:    Try loading font information for U+msb on input line 48.

(/usr/local/texlive/2013/texmf-dist/tex/latex/amsfonts/umsb.fd
File: umsb.fd 2013/01/14 v3.01 AMS symbols B
)
LaTeX Font Info:    Font shape `U/lasy/b/n' in size <8> not available
(Font)              Font shape `U/lasy/m/n' tried instead on input line 54.
LaTeX Font Info:    Font shape `U/lasy/b/n' in size <6> not available
(Font)              Font shape `U/lasy/m/n' tried instead on input line 54.
LaTeX Font Info:    Font shape `U/lasy/b/n' in size <5> not available
(Font)              Font shape `U/lasy/m/n' tried instead on input line 54.
\c@sv@footnote=\count127
LaTeX Font Info:    Font shape `U/lasy/b/n' in size <7> not available
(Font)              Font shape `U/lasy/m/n' tried instead on input line 75.


Package natbib Warning: Citation `Victor96' on page 1 undefined on input line 7
7.


Package natbib Warning: Citation `VanRossum01' on page 1 undefined on input lin
e 77.


Package natbib Warning: Citation `Kreuz07c' on page 1 undefined on input line 7
7.


Package natbib Warning: Citation `Kreuz13' on page 1 undefined on input line 77
.

Missing character: There is no ’ in font cmr10!

Package natbib Warning: Citation `Kreuz07c' on page 1 undefined on input line 7
7.


Package natbib Warning: Citation `Kreuz09' on page 1 undefined on input line 77
.


Package natbib Warning: Citation `Kreuz11' on page 1 undefined on input line 77
.


Package natbib Warning: Citation `Kreuz13' on page 1 undefined on input line 77
.


Package natbib Warning: Citation `Kreuz11' on page 1 undefined on input line 92
.


Package natbib Warning: Citation `Kreuz13' on page 1 undefined on input line 92
.


LaTeX Warning: Reference `fig:Fig1-SPIKE-Illustration' on page 1 undefined on i
nput line 92.


Underfull \vbox (badness 10000) has occurred while \output is active []

Package epstopdf Info: Source file: <Fig1_SPIKE_Illustration.eps>
(epstopdf)                    date: 2012-12-12 00:14:46
(epstopdf)                    size: 15248 bytes
(epstopdf)             Output file: <Fig1_SPIKE_Illustration-eps-converted-to.p
df>
(epstopdf)                    date: 2014-05-08 15:08:08
(epstopdf)                    size: 9241 bytes
(epstopdf)             Command: <repstopdf --outfile=Fig1_SPIKE_Illustration-ep
s-converted-to.pdf Fig1_SPIKE_Illustration.eps>
(epstopdf)             \includegraphics on input line 113.
Package epstopdf Info: Output file is already uptodate.

<Fig1_SPIKE_Illustration-eps-converted-to.pdf, id=1, 534.99875pt x 315.1775pt>
File: Fig1_SPIKE_Illustration-eps-converted-to.pdf Graphic file (type pdf)

<use Fig1_SPIKE_Illustration-eps-converted-to.pdf>
Package pdftex.def Info: Fig1_SPIKE_Illustration-eps-converted-to.pdf used on i
nput line 113.
(pdftex.def)             Requested size: 241.84842pt x 142.4778pt.
Missing character: There is no ‘ in font cmr10!
Missing character: There is no ’ in font cmr10!
 [1{/usr/local/texlive/2013/texmf-var/fonts/map/pdftex/updmap/pdftex.map}

]

LaTeX Warning: Reference `fig:Fig1-SPIKE-Illustration' on page 2 undefined on i
nput line 123.

[2 <./Fig1_SPIKE_Illustration-eps-converted-to.pdf>]

LaTeX Warning: Reference `eq:Prev-Spike-Dist' on page 3 undefined on input line
 190.


LaTeX Warning: Reference `eq:Bi-Spike-Diss-RT' on page 3 undefined on input lin
e 205.


Package natbib Warning: Citation `Kreuz07c' on page 3 undefined on input line 2
16.


Package natbib Warning: Citation `Kreuz09' on page 3 undefined on input line 21
6.


LaTeX Warning: Reference `eq:ISI' on page 3 undefined on input line 216.


LaTeX Warning: Reference `eq:Temporal-Average' on page 3 undefined on input lin
e 225.


Package natbib Warning: Citation `Kreuz13' on page 3 undefined on input line 23
3.


LaTeX Warning: Reference `eq:Bi-Spike-Diss-Improved' on page 3 undefined on inp
ut line 237.

Missing character: There is no “ in font cmr10!
Missing character: There is no ” in font cmr10!
Missing character: There is no × in font cmr10!
Missing character: There is no “ in font cmr10!
Missing character: There is no ” in font cmr10!

Underfull \vbox (badness 1675) has occurred while \output is active []

 [3]
Package epstopdf Info: Source file: <Fig2-Movie-Screenshot.eps>
(epstopdf)                    date: 2013-03-19 01:53:16
(epstopdf)                    size: 94413 bytes
(epstopdf)             Output file: <Fig2-Movie-Screenshot-eps-converted-to.pdf
>
(epstopdf)                    date: 2014-05-08 15:08:10
(epstopdf)                    size: 27510 bytes
(epstopdf)             Command: <repstopdf --outfile=Fig2-Movie-Screenshot-eps-
converted-to.pdf Fig2-Movie-Screenshot.eps>
(epstopdf)             \includegraphics on input line 254.
Package epstopdf Info: Output file is already uptodate.

<Fig2-Movie-Screenshot-eps-converted-to.pdf, id=45, 572.1375pt x 422.57875pt>
File: Fig2-Movie-Screenshot-eps-converted-to.pdf Graphic file (type pdf)

<use Fig2-Movie-Screenshot-eps-converted-to.pdf>
Package pdftex.def Info: Fig2-Movie-Screenshot-eps-converted-to.pdf used on inp
ut line 254.
(pdftex.def)             Requested size: 241.84842pt x 178.62961pt.
Missing character: There is no • in font cmr8!

! Missing $ inserted.
<inserted text> 
                $
l.268 Please have a look at the program Spiky_
                                              loop_surro.m. This is similar ...
I've inserted a begin-math/end-math symbol since I think
you left one out. Proceed, with fingers crossed.

! Missing $ inserted.
<inserted text> 
                $
l.269 
      
I've inserted a begin-math/end-math symbol since I think
you left one out. Proceed, with fingers crossed.


Overfull \hbox (856.18373pt too wide) in paragraph at lines 267--269
\OT1/cmr/m/n/10 have a look at the pro-gram Spiky$[]\OML/cmm/m/it/10 oop[]urro:
m:ThisissimilartoSPIKY[]oop:monlythatyoudonotlookatdifferentdatasets; ratheryou
cancomparetheresultsobtainedforonedatasetagainsttheresultsobtainedforspiketrain
surrogatesgeneratedfromthatdataset:$ 
 []


Overfull \hbox (21.8618pt too wide) in paragraph at lines 280--281
[]\OT1/cmr/m/n/10 https://www.facebook.com/pages/SPIKY/504834062913777 
 []


Overfull \hbox (58.91766pt too wide) in paragraph at lines 284--285
\OT1/cmr/m/n/10 sary files for free on http://www.fi.isc.cnr.it/users/thomas.kr
euz/Source-
 []

! Missing $ inserted.
<inserted text> 
                $
l.290 ...path). Compile the MEX-files using SPIKY_
                                                  compile_MEX, finally run S...
I've inserted a begin-math/end-math symbol since I think
you left one out. Proceed, with fingers crossed.

! Missing $ inserted.
<inserted text> 
                $
l.291 
      
I've inserted a begin-math/end-math symbol since I think
you left one out. Proceed, with fingers crossed.

! Missing $ inserted.
<inserted text> 
                $
l.292 ...ew dataset have a look at the file SPIKY_
                                                  f_user_interface and try t...
I've inserted a begin-math/end-math symbol since I think
you left one out. Proceed, with fingers crossed.

! Double subscript.
l.292 ... dataset have a look at the file SPIKY_f_
                                                  user_interface and try to ...
I treat `x_1_2' essentially like `x_1{}_2'.

! Missing $ inserted.
<inserted text> 
                $
l.293 
      
I've inserted a begin-math/end-math symbol since I think
you left one out. Proceed, with fingers crossed.


Overfull \hbox (976.84299pt too wide) in paragraph at lines 292--293
\OT1/cmr/m/n/10 SPIKY$[][]\OML/cmm/m/it/10 ser[]nterfaceandtrytounderstandhowfo
rthisexamplenumber\OT1/cmr/m/n/10 5\OML/cmm/m/it/10 thespiketrainandtheparamete
rvalueshavebeencreated:Hopefullyyoushouldthenbeabletodosimilarthingswithyourown
datasets:ForquickinformationabouttheindividualelementsoftheGUIactivatetheHints 
\OMS/cmsy/m/n/10 ^^@
 []


Overfull \hbox (562.1912pt too wide) in paragraph at lines 292--293
\OML/cmm/m/it/10 checkboxintheOptions \OMS/cmsy/m/n/10 ^^@ \OML/cmm/m/it/10 Men
uandthenhoverwiththemousecursorabovetheelementsofinterestandyouwillseeshorthint
s:AnoverviewofallthisinformationcanbefoundinthefileSPIKY \OMS/cmsy/m/n/10 ^^@
 []

! Missing $ inserted.
<inserted text> 
                $
l.297 ... your own data via the Matlab file SPIKY_
                                                  f_user_interface. Just mak...
I've inserted a begin-math/end-math symbol since I think
you left one out. Proceed, with fingers crossed.

! Double subscript.
l.297 ...our own data via the Matlab file SPIKY_f_
                                                  user_interface. Just make ...
I treat `x_1_2' essentially like `x_1{}_2'.

! Missing $ inserted.
<inserted text> 
                $
l.305 
      
I've inserted a begin-math/end-math symbol since I think
you left one out. Proceed, with fingers crossed.


Overfull \hbox (1090.1973pt too wide) in paragraph at lines 296--305
\OT1/cmr/m/n/10 SPIKY$[][]\OML/cmm/m/it/10 ser[]nterface:Justmakesurethatthelis
tboxentriesdefinedinthevariablelistbox[]trmatchtheexamplesdetailedbelowthat:\OT
1/cmr/m/n/10 2\OML/cmm/m/it/10 :YoucanloadyourowndataviatheLoadbuttoninthetoolb
ar\OT1/cmr/m/n/10 (\OML/cmm/m/it/10 leftuppercorner\OT1/cmr/m/n/10 )\OML/cmm/m/
it/10 orinthemenu:Currentlytwodifferentfileformatsareallowed; :matand:txt\OT1/c
mr/m/n/10 (\OML/cmm/m/it/10 ASCII\OT1/cmr/m/n/10 )\OML/cmm/m/it/10 files:Forthe
mat \OMS/cmsy/m/n/10 ^^@
 []


Overfull \hbox (6.29381pt too wide) in paragraph at lines 296--305
\OML/cmm/m/it/10 filesSPIKYallowsthreedifferentkindsofinputformats \OT1/cmr/m/n
/10 :
 []


Overfull \hbox (539.25755pt too wide) in paragraph at lines 296--305
\OMS/cmsy/m/n/10 ^^@\OML/cmm/m/it/10 cellarrays\OT1/cmr/m/n/10 (\OML/cmm/m/it/1
0 ca\OT1/cmr/m/n/10 )\OML/cmm/m/it/10 withjustthespiketimes\OT1/cmr/m/n/10 (\OM
L/cmm/m/it/10 thisisthepreferredformatusedbySPIKYsinceitismostmemoryefficient:T
hetwootherformatswillinternallybeconvertedintothisformat\OT1/cmr/m/n/10 ) \OMS/
cmsy/m/n/10 ^^@
 []


Overfull \hbox (217.1462pt too wide) in paragraph at lines 296--305
\OML/cmm/m/it/10 regularmatriceswitheachrowbeingaspiketrainandzeropadding\OT1/c
mr/m/n/10 (\OML/cmm/m/it/10 zp\OT1/cmr/m/n/10 )\OML/cmm/m/it/10 incasethespiken
umbersaredifferent: \OMS/cmsy/m/n/10 ^^@
 []


Overfull \hbox (298.74121pt too wide) in paragraph at lines 296--305
\OML/cmm/m/it/10 matricesrepresentingtimebinswhereeachzero=one\OT1/cmr/m/n/10 (
01)\OML/cmm/m/it/10 indicatestheabsence=presenceofaspikeIfthespikesarestoredina
Mat \OMS/cmsy/m/n/10 ^^@
 []


Overfull \hbox (3561.12949pt too wide) in paragraph at lines 296--305
\OML/cmm/m/it/10 fileSPIKYlooksforavariablecalledspikes; ifitcannotfindityouhav
ethechancetoselectthevariablename\OT1/cmr/m/n/10 (\OML/cmm/m/it/10 orfieldname\
OT1/cmr/m/n/10 )\OML/cmm/m/it/10 whichcontainsthespikesviasomeinputmaskwhichpro
videsahierarchicalstructuretree:Inthetextformatspiketimesshouldbewrittenasamatr
ixwitheachrowbeingonespiketrain:Thepackagecontainsoneexamplefileforeachformat\O
T1/cmr/m/n/10 (\OML/cmm/m/it/10 testdata[]a:mat; testdata[]p:mat; testdata[]\OT
1/cmr/m/n/10 1\OML/cmm/m/it/10 :mataswellastestdata:txt\OT1/cmr/m/n/10 )\OML/cm
m/m/it/10 :\OT1/cmr/m/n/10 3\OML/cmm/m/it/10 :Youcangenerateyourownspiketrainsv
iatheSpikeTrainGenerator:Aftersettingsomedefiningvariables\OT1/cmr/m/n/10 (\OML
/cmm/m/it/10 numberofspiketrains; startandendtime; samplingrate\OT1/cmr/m/n/10 
)\OML/cmm/m/it/10 youcanbuildyourspiketrainsbyusingpredefinedspiketrainpatterns
\OT1/cmr/m/n/10 (\OML/cmm/m/it/10 suchasperiodic; Splay; uniformorPoisson\OT1/c
mr/m/n/10 )\OML/cmm/m/it/10 and=orbymanuallyadding; shiftinganddeletingindividu
alspikesorgroupsofspikes:Foranoverviewofthegeneralstructureofthespiketraingener
atorpleasehavealookatthefileSTG \OMS/cmsy/m/n/10 ^^@
 []


Overfull \hbox (52.38524pt too wide) in paragraph at lines 296--305
\OML/cmm/m/it/10 flowchart:pdf; moredetailedinformationcanbefoundinthefileSTG \
OMS/cmsy/m/n/10 ^^@
 []

[4 <./Fig2-Movie-Screenshot-eps-converted-to.pdf>]
! Missing $ inserted.
<inserted text> 
                $
l.313 select_
             measures: Vector with order of measures
I've inserted a begin-math/end-math symbol since I think
you left one out. Proceed, with fingers crossed.

! Missing $ inserted.
<inserted text> 
                $
l.314 
      
I've inserted a begin-math/end-math symbol since I think
you left one out. Proceed, with fingers crossed.

! Missing $ inserted.
<inserted text> 
                $
l.319 ...ill be stored in variables such as SPIKY_
                                                  spikes, SPIKY_profile_X_1,...
I've inserted a begin-math/end-math symbol since I think
you left one out. Proceed, with fingers crossed.

! Double subscript.
l.319 ...es such as SPIKY_spikes, SPIKY_profile_X_
                                                  1, SPIKY_profile_Y_1, SPIK...
I treat `x_1_2' essentially like `x_1{}_2'.

! Double subscript.
l.319 ...ikes, SPIKY_profile_X_1, SPIKY_profile_Y_
                                                  1, SPIKY_profile_name_1 as...
I treat `x_1_2' essentially like `x_1{}_2'.

! Missing $ inserted.
<inserted text> 
                $
l.320 
      
I've inserted a begin-math/end-math symbol since I think
you left one out. Proceed, with fingers crossed.


Overfull \hbox (977.71776pt too wide) in paragraph at lines 318--320
\OT1/cmr/m/n/10 as SPIKY$[]\OML/cmm/m/it/10 pikes; SPIKY[]rofile[][]; SPIKY[]ro
file[][]; SPIKY[]rofile[]ame[]aswellasSPIKY[]atrix[]andSPIKY[]atrix[]ame[]:Inad
dition; theresultsobtainedduringananalysiswillautomaticallybestoredinthestructu
reSPIKY[]esultswhichwillhaveonefieldforeachmeasureselected:$ 
 []

! Missing $ inserted.
<inserted text> 
                $
l.324 Output (Structure SPIKY_
                              results'):
I've inserted a begin-math/end-math symbol since I think
you left one out. Proceed, with fingers crossed.

! Missing $ inserted.
<inserted text> 
                $
l.331 
      
I've inserted a begin-math/end-math symbol since I think
you left one out. Proceed, with fingers crossed.


Overfull \hbox (254.9984pt too wide) in paragraph at lines 324--331
\OML/cmm/m/it/10 Measure > :name \OT1/cmr/m/n/10 : \OML/cmm/m/it/10 Nameofselec
tedmeasures\OT1/cmr/m/n/10 (\OML/cmm/m/it/10 helpstoidentifytheorderwithinallot
hervariables\OT1/cmr/m/n/10 )\OML/cmm/m/it/10 SPIKY[]esults: <
 []


Overfull \hbox (479.45277pt too wide) in paragraph at lines 324--331
\OML/cmm/m/it/10 Measure > :distance \OT1/cmr/m/n/10 : \OML/cmm/m/it/10 Levelof
dissimilarityoverallspiketrainsandthewholeintervaljustonevalue; obtainedbyavera
gingoverbothspiketrainsandtimeSPIKY[]esults: <
 []


Overfull \hbox (178.29521pt too wide) in paragraph at lines 324--331
\OML/cmm/m/it/10 Measure > :matrix \OT1/cmr/m/n/10 : \OML/cmm/m/it/10 Pairwised
istancematrices; obtainedbyaveragingovertimeSPIKY[]esults: <
 []


Overfull \hbox (91.56119pt too wide) in paragraph at lines 324--331
\OML/cmm/m/it/10 Measure > :x \OT1/cmr/m/n/10 : \OML/cmm/m/it/10 Time \OMS/cmsy
/m/n/10 ^^@ \OML/cmm/m/it/10 valuesofoveralldissimilarityprofileSPIKY[]esults: 
<
 []


Overfull \hbox (124.73111pt too wide) in paragraph at lines 324--331
\OML/cmm/m/it/10 Measure > :y \OT1/cmr/m/n/10 : \OML/cmm/m/it/10 Overalldissimi
larityprofileobtainedbyaveragingoverspiketrainpairs$ 
 []

! Missing $ inserted.
<inserted text> 
                $
l.332 ... For the ISI-distance the function SPIKY_
                                                  f_pico can be used to obta...
I've inserted a begin-math/end-math symbol since I think
you left one out. Proceed, with fingers crossed.

! Double subscript.
l.332 ...or the ISI-distance the function SPIKY_f_
                                                  pico can be used to obtain...
I treat `x_1_2' essentially like `x_1{}_2'.

! Missing $ inserted.
<inserted text> 
                $
l.334 $[overall_
                dissimilarity,plot_x_values,plot_y_values] = SPIKY_f_pico(SP...
I've inserted a begin-math/end-math symbol since I think
you left one out. Proceed, with fingers crossed.

! Double subscript.
l.334 $[overall_dissimilarity,plot_x_
                                     values,plot_y_values] = SPIKY_f_pico(SP...
I treat `x_1_2' essentially like `x_1{}_2'.

! Double subscript.
l.334 ...erall_dissimilarity,plot_x_values,plot_y_
                                                  values] = SPIKY_f_pico(SPI...
I treat `x_1_2' essentially like `x_1{}_2'.

! Double subscript.
l.334 ...y,plot_x_values,plot_y_values] = SPIKY_f_
                                                  pico(SPIKY_results.isi,SPI...
I treat `x_1_2' essentially like `x_1{}_2'.


Overfull \hbox (181.78737pt too wide) in paragraph at lines 332--335
[]\OT1/cmr/m/n/10 Note: For the ISI-distance the func-tion SPIKY$[][]\OML/cmm/m
/it/10 icocanbeusedtoobtaintheaveragevalueaswellasx \OMS/cmsy/m/n/10 ^^@
 []


Overfull \hbox (161.2863pt too wide) in paragraph at lines 332--335
\OML/cmm/m/it/10 andy \OMS/cmsy/m/n/10 ^^@ \OML/cmm/m/it/10 vectorsforplotting\
OT1/cmr/m/n/10 (\OML/cmm/m/it/10 seeexamplebelow\OT1/cmr/m/n/10 ) :$[overall$[]
\OML/cmm/m/it/10 issimilarity; plot[][]alues; plot[][]alues\OT1/cmr/m/n/10 ] =
 []


Overfull \hbox (159.32893pt too wide) in paragraph at lines 332--335
\OML/cmm/m/it/10 SPIKY[][]ico\OT1/cmr/m/n/10 (\OML/cmm/m/it/10 SPIKY[]esults:is
i; SPIKY[]esults:dissimilarity[]rofiles\OT1/cmr/m/n/10 1\OML/cmm/m/it/10 ; para
:dts; para:tmin\OT1/cmr/m/n/10 );$ 
 []

! Missing $ inserted.
<inserted text> 
                $
l.339 ...ish to change. Please use the file SPIKY_
                                                  f_user_interface to set th...
I've inserted a begin-math/end-math symbol since I think
you left one out. Proceed, with fingers crossed.

! Double subscript.
l.339 ...h to change. Please use the file SPIKY_f_
                                                  user_interface to set the ...
I treat `x_1_2' essentially like `x_1{}_2'.

! Missing $ inserted.
<inserted text> 
                $
l.340 
      
I've inserted a begin-math/end-math symbol since I think
you left one out. Proceed, with fingers crossed.


Overfull \hbox (473.9837pt too wide) in paragraph at lines 339--340
\OT1/cmr/m/n/10 change. Please use the file SPIKY$[][]\OML/cmm/m/it/10 ser[]nte
rfacetosetthestandardvaluesforalltheparametersthatdescribethelayoutofthefigure\
OT1/cmr/m/n/10 (\OML/cmm/m/it/10 mainlytheparameterstructurep[]ara\OT1/cmr/m/n/
10 )\OML/cmm/m/it/10 :$ 
 []

! Missing $ inserted.
<inserted text> 
                $
l.348 ...is purpose you can use the program SPIKY_
                                                  loop which is complementar...
I've inserted a begin-math/end-math symbol since I think
you left one out. Proceed, with fingers crossed.

! Missing $ inserted.
<inserted text> 
                $
l.349 
      
I've inserted a begin-math/end-math symbol since I think
you left one out. Proceed, with fingers crossed.


Overfull \hbox (311.95903pt too wide) in paragraph at lines 347--349
\OT1/cmr/m/n/10 the pro-gram SPIKY$[]\OML/cmm/m/it/10 oopwhichiscomplementaryto
thegraphicaluserinterfaceSPIKY[]:Bothprogramscanbeusedtocalculatetime \OMS/cmsy
/m/n/10 ^^@
 []


Overfull \hbox (2007.05164pt too wide) in paragraph at lines 347--349
\OML/cmm/m/it/10 resolvedspiketraindistances\OT1/cmr/m/n/10 (\OML/cmm/m/it/10 I
SIandSPIKE\OT1/cmr/m/n/10 )\OML/cmm/m/it/10 betweentwo\OT1/cmr/m/n/10 (\OML/cmm
/m/it/10 ormore\OT1/cmr/m/n/10 )\OML/cmm/m/it/10 spiketrains:However; whereasSP
IKYwasmainlydesignedtofacilitatethedetailedanalysisofonedataset; SPIKY[]oopisme
anttobeusedinordertocomparetheSPIKY[]esultsformanydifferentdatasets\OT1/cmr/m/n
/10 (\OML/cmm/m/it/10 e:g:insomekindofloop\OT1/cmr/m/n/10 )\OML/cmm/m/it/10 :\O
T1/cmr/m/n/10 [\OML/cmm/m/it/10 NotethatthenewprogramSPIKY[]oopreplacestheoldSP
IKY[]o[]lot:ThescopeisthesamebutitaddsthefullfunctionalityofSPIKY\OT1/cmr/m/n/1
0 (\OML/cmm/m/it/10 accesstotimeinstants; selectiveandtriggeredaveragesaswellas
averagesoverspiketraingroups\OT1/cmr/m/n/10 )\OML/cmm/m/it/10 :\OT1/cmr/m/n/10 
]$ 
 []

! Missing $ inserted.
<inserted text> 
                $
l.361 ...a short description of the program SPIKY_
                                                  loop which is complementar...
I've inserted a begin-math/end-math symbol since I think
you left one out. Proceed, with fingers crossed.

! Missing $ inserted.
<inserted text> 
                $
l.366 
      
I've inserted a begin-math/end-math symbol since I think
you left one out. Proceed, with fingers crossed.


Overfull \hbox (31.92319pt too wide) in paragraph at lines 353--366
[]\OT1/cmr/m/n/10 SPIKY-Documentation (in ex-tra folder SPIKY-Documentation)
 []


Overfull \hbox (725.9393pt too wide) in paragraph at lines 353--366
\OT1/cmr/m/n/10 SPIKY$[]\OML/cmm/m/it/10 oopwhichiscomplementarytothegraphicalu
serinterfaceSPIKY[]andmeanttobeusedinordertocomparetheresultsformanydifferentda
tasets\OT1/cmr/m/n/10 (\OML/cmm/m/it/10 e:g:insomekindofloop\OT1/cmr/m/n/10 )\O
ML/cmm/m/it/10 :Kreuz[]nd[]ozanic[]PIKY[]reliminary[]raft:pdf \OT1/cmr/m/n/10 :

 []


Overfull \hbox (189.15457pt too wide) in paragraph at lines 353--366
\OML/cmm/m/it/10 Thisisaverypreliminarydraftofanupcomingarticleonthegraphicalus
erinterfaceSPIKY:SPIKY \OMS/cmsy/m/n/10 ^^@
 []


Overfull \hbox (1108.97258pt too wide) in paragraph at lines 353--366
\OML/cmm/m/it/10 Annotated[]creenshot:eps \OT1/cmr/m/n/10 : \OML/cmm/m/it/10 Th
isisanexamplefiguretakenfromthe\OT1/cmr/m/n/10 2013\OML/cmm/m/it/10 paper\OT1/c
mr/m/n/10 (\OML/cmm/m/it/10 Fig:\OT1/cmr/m/n/10 8\OML/cmm/m/it/10 andthesupplem
entalmovie\OT1/cmr/m/n/10 )\OML/cmm/m/it/10 withsomeannotationsdetailingthevari
ouselementsofatypicalfigurecontainingspiketrainsdividedintospiketraingroups; di
ssimilaritymatrices; andhierarchicalclustertrees\OT1/cmr/m/n/10 (\OML/cmm/m/it/
10 dendrograms\OT1/cmr/m/n/10 )\OML/cmm/m/it/10 :SPIKY \OMS/cmsy/m/n/10 ^^@
 []


Overfull \hbox (268.58502pt too wide) in paragraph at lines 353--366
\OML/cmm/m/it/10 Screenshot:png \OT1/cmr/m/n/10 : \OML/cmm/m/it/10 Exemplaryscr
eenshotofthegraphicaluserinterfaceSPIKYincludingtheuseofacontextmenu:STG \OMS/c
msy/m/n/10 ^^@
 []


Overfull \hbox (217.05255pt too wide) in paragraph at lines 353--366
\OML/cmm/m/it/10 Screenshot:png \OT1/cmr/m/n/10 : \OML/cmm/m/it/10 Exemplaryscr
eenshotofthespiketraingenerator\OT1/cmr/m/n/10 (\OML/cmm/m/it/10 STG\OT1/cmr/m/
n/10 )\OML/cmm/m/it/10 includingtheuseofacontextmenu:$ 
 []

Package epstopdf Info: Source file: <Fig3-SPIKY-Flowchart.eps>
(epstopdf)                    date: 2013-03-19 16:38:52
(epstopdf)                    size: 21280 bytes
(epstopdf)             Output file: <Fig3-SPIKY-Flowchart-eps-converted-to.pdf>

(epstopdf)                    date: 2014-05-08 15:08:10
(epstopdf)                    size: 15165 bytes
(epstopdf)             Command: <repstopdf --outfile=Fig3-SPIKY-Flowchart-eps-c
onverted-to.pdf Fig3-SPIKY-Flowchart.eps>
(epstopdf)             \includegraphics on input line 377.
Package epstopdf Info: Output file is already uptodate.
<Fig3-SPIKY-Flowchart-eps-converted-to.pdf, id=63, 543.02875pt x 723.70375pt>
File: Fig3-SPIKY-Flowchart-eps-converted-to.pdf Graphic file (type pdf)

<use Fig3-SPIKY-Flowchart-eps-converted-to.pdf>
Package pdftex.def Info: Fig3-SPIKY-Flowchart-eps-converted-to.pdf used on inpu
t line 377.
(pdftex.def)             Requested size: 241.84842pt x 322.3177pt.
Missing character: There is no • in font cmr8!
 [5]
Missing character: There is no ’ in font cmr10!
Missing character: There is no ’ in font cmr10!
Missing character: There is no × in font cmr10!
Missing character: There is no ’ in font cmr10!
Missing character: There is no ’ in font cmr10!

Overfull \hbox (23.10072pt too wide) in paragraph at lines 390--391
\OT1/cmr/m/n/10 found at www.fi.isc.cnr.it/users/thomas.kreuz/sourcecode.html. 

 []


Overfull \hbox (1.36165pt too wide) in paragraph at lines 415--416
[]\OT1/cmr/m/n/10 https://github.com/modulus-metric/spike-train-metrics 
 []


Package natbib Warning: Citation `Rusu14' on page 6 undefined on input line 417
.


Package natbib Warning: Citation `Thibeault14' on page 6 undefined on input lin
e 422.


Underfull \hbox (badness 3417) in paragraph at lines 449--450
[]\OT1/cmr/m/n/10 We also thank Thomas Alder-son, Mayte Bonilla
 []

No file SPIKY4.bbl.
[6 <./Fig3-SPIKY-Flowchart-eps-converted-to.pdf>]

Package natbib Warning: There were undefined citations.

(./SPIKY4.aux)

LaTeX Warning: There were undefined references.


LaTeX Warning: Label(s) may have changed. Rerun to get cross-references right.

 ) 
Here is how much of TeX's memory you used:
 3406 strings out of 493315
 43407 string characters out of 6137905
 116025 words of memory out of 5000000
 6786 multiletter control sequences out of 15000+600000
 21279 words of font info for 84 fonts, out of 8000000 for 9000
 957 hyphenation exceptions out of 8191
 38i,8n,26p,1316b,229s stack positions out of 5000i,500n,10000p,200000b,80000s
</usr/local/texlive/2013/texmf-dist/fonts/type1/public/amsfonts/cm/cmbx10.pfb
></usr/local/texlive/2013/texmf-dist/fonts/type1/public/amsfonts/cm/cmbx9.pfb><
/usr/local/texlive/2013/texmf-dist/fonts/type1/public/amsfonts/cm/cmex10.pfb></
usr/local/texlive/2013/texmf-dist/fonts/type1/public/amsfonts/cm/cmmi10.pfb></u
sr/local/texlive/2013/texmf-dist/fonts/type1/public/amsfonts/cm/cmmi5.pfb></usr
/local/texlive/2013/texmf-dist/fonts/type1/public/amsfonts/cm/cmmi6.pfb></usr/l
ocal/texlive/2013/texmf-dist/fonts/type1/public/amsfonts/cm/cmmi7.pfb></usr/loc
al/texlive/2013/texmf-dist/fonts/type1/public/amsfonts/cm/cmmi8.pfb></usr/local
/texlive/2013/texmf-dist/fonts/type1/public/amsfonts/cm/cmr10.pfb></usr/local/t
exlive/2013/texmf-dist/fonts/type1/public/amsfonts/cm/cmr12.pfb></usr/local/tex
live/2013/texmf-dist/fonts/type1/public/amsfonts/cm/cmr17.pfb></usr/local/texli
ve/2013/texmf-dist/fonts/type1/public/amsfonts/cm/cmr7.pfb></usr/local/texlive/
2013/texmf-dist/fonts/type1/public/amsfonts/cm/cmr8.pfb></usr/local/texlive/201
3/texmf-dist/fonts/type1/public/amsfonts/cm/cmr9.pfb></usr/local/texlive/2013/t
exmf-dist/fonts/type1/public/amsfonts/cm/cmsl8.pfb></usr/local/texlive/2013/tex
mf-dist/fonts/type1/public/amsfonts/cm/cmss8.pfb></usr/local/texlive/2013/texmf
-dist/fonts/type1/public/amsfonts/cm/cmsy10.pfb></usr/local/texlive/2013/texmf-
dist/fonts/type1/public/amsfonts/cm/cmsy7.pfb></usr/local/texlive/2013/texmf-di
st/fonts/type1/public/amsfonts/cm/cmti10.pfb></usr/local/texlive/2013/texmf-dis
t/fonts/type1/public/amsfonts/cm/cmti8.pfb></usr/local/texlive/2013/texmf-dist/
fonts/type1/public/amsfonts/cm/cmtt8.pfb>
Output written on SPIKY4.pdf (6 pages, 318029 bytes).
PDF statistics:
 137 PDF objects out of 1000 (max. 8388607)
 95 compressed objects within 1 object stream
 0 named destinations out of 1000 (max. 500000)
 16 words of extra memory for PDF output out of 10000 (max. 10000000)

