This is pdfTeX, Version 3.1415926-2.5-1.40.14 (TeX Live 2013) (format=latex 2014.5.8)  11 AUG 2014 17:08
entering extended mode
 restricted \write18 enabled.
 %&-line parsing enabled.
**SPIKY5.tex
(./SPIKY5.tex
LaTeX2e <2011/06/27>
Babel <3.9f> and hyphenation patterns for 78 languages loaded.
(./elsart5p.cls
Document Class: elsart5p 2006/05/01, 2.19: Elsevier
(./elsart.cls
Document Class: elsart 2006/05/01, 2.19: Elsevier
\@frontmatterwidth=\dimen102
\@bls=\dimen103
\eqntopsep=\skip41
\eqnarraycolsep=\dimen104
\labelwidthi=\dimen105
\labelwidthii=\dimen106
\labelwidthiii=\dimen107
\labelwidthiv=\dimen108
\@maxlistdepth=\count79
\eqnbaselineskip=\skip42
\eqnlineskip=\skip43
\mathindent=\dimen109
\rulepreskip=\dimen110
\rulepostskip=\dimen111
\c@section=\count80
\c@subsection=\count81
\c@subsubsection=\count82
\c@paragraph=\count83
\c@subparagraph=\count84
(/usr/local/texlive/2013/texmf-dist/tex/latex/base/latexsym.sty
Package: latexsym 1998/08/17 v2.2e Standard LaTeX package (lasy symbols)
\symlasy=\mathgroup4
LaTeX Font Info:    Overwriting symbol font `lasy' in version `bold'
(Font)                  U/lasy/m/n --> U/lasy/b/n on input line 47.
)
\c@thm=\count85
\c@alg=\count86
\c@algorithm=\count87
\c@note=\count88
\c@summ=\count89
\c@case=\count90
\@tempcntc=\count91
\c@figure=\count92
\c@table=\count93
\t@glob@notes=\toks14
\t@loc@notes=\toks15
\note@cnt=\count94
\corauth@text=\toks16
\email@text=\toks17
\url@text=\toks18
\c@corauth=\count95
\c@author=\count96
\n@author=\count97
\c@collab=\count98
\n@collab=\count99
\c@address=\count100
\sv@mathsurround=\dimen112
\sv@hyphenpenalty=\count101
\prev@elem=\count102
\cur@elem=\count103
\fm@box=\box26
\fm@size=\dimen113
\t@abstract=\box27
\t@keyword=\box28
\t@xtheight=\dimen114
\@logoheight=\dimen115
\@pubyear=\count104
\c@firstpage=\count105
\c@lastpage=\count106
\slashbox=\box29
LaTeX Font Info:    External font `cmex10' loaded for size
(Font)              <12> on input line 1404.
LaTeX Font Info:    External font `cmex10' loaded for size
(Font)              <8> on input line 1404.
LaTeX Font Info:    External font `cmex10' loaded for size
(Font)              <6> on input line 1404.
LaTeX Font Info:    Try loading font information for U+lasy on input line 1404.


(/usr/local/texlive/2013/texmf-dist/tex/latex/base/ulasy.fd
File: ulasy.fd 1998/08/17 v2.2e LaTeX symbol font definitions
)
\Slashbox=\box30
LaTeX Font Info:    External font `cmex10' loaded for size
(Font)              <14.4> on input line 1405.
LaTeX Font Info:    External font `cmex10' loaded for size
(Font)              <7> on input line 1405.
)
\Arrayrulewidth=\dimen116
\crulepostskip=\dimen117
\@Ldec=\dimen118
\@Rdec=\dimen119
\@Lpmdec=\dimen120
\@Rpmdec=\dimen121
)
(/usr/local/texlive/2013/texmf-dist/tex/latex/graphics/graphicx.sty
Package: graphicx 1999/02/16 v1.0f Enhanced LaTeX Graphics (DPC,SPQR)

(/usr/local/texlive/2013/texmf-dist/tex/latex/graphics/keyval.sty
Package: keyval 1999/03/16 v1.13 key=value parser (DPC)
\KV@toks@=\toks19
)
(/usr/local/texlive/2013/texmf-dist/tex/latex/graphics/graphics.sty
Package: graphics 2009/02/05 v1.0o Standard LaTeX Graphics (DPC,SPQR)

(/usr/local/texlive/2013/texmf-dist/tex/latex/graphics/trig.sty
Package: trig 1999/03/16 v1.09 sin cos tan (DPC)
)
(/usr/local/texlive/2013/texmf-dist/tex/latex/latexconfig/graphics.cfg
File: graphics.cfg 2010/04/23 v1.9 graphics configuration of TeX Live
)
Package graphics Info: Driver file: dvips.def on input line 91.

(/usr/local/texlive/2013/texmf-dist/tex/latex/graphics/dvips.def
File: dvips.def 1999/02/16 v3.0i Driver-dependant file (DPC,SPQR)
))
\Gin@req@height=\dimen122
\Gin@req@width=\dimen123
)
(/usr/local/texlive/2013/texmf-dist/tex/latex/tools/dcolumn.sty
Package: dcolumn 2001/05/28 v1.06 decimal alignment package (DPC)

(/usr/local/texlive/2013/texmf-dist/tex/latex/tools/array.sty
Package: array 2008/09/09 v2.4c Tabular extension package (FMi)
\col@sep=\dimen124
\extrarowheight=\dimen125
\NC@list=\toks20
\extratabsurround=\skip44
\backup@length=\skip45
))
(/usr/local/texlive/2013/texmf-dist/tex/latex/amsmath/amsmath.sty
Package: amsmath 2013/01/14 v2.14 AMS math features
\@mathmargin=\skip46

For additional information on amsmath, use the `?' option.
(/usr/local/texlive/2013/texmf-dist/tex/latex/amsmath/amstext.sty
Package: amstext 2000/06/29 v2.01

(/usr/local/texlive/2013/texmf-dist/tex/latex/amsmath/amsgen.sty
File: amsgen.sty 1999/11/30 v2.0
\@emptytoks=\toks21
\ex@=\dimen126
))
(/usr/local/texlive/2013/texmf-dist/tex/latex/amsmath/amsbsy.sty
Package: amsbsy 1999/11/29 v1.2d
\pmbraise@=\dimen127
)
(/usr/local/texlive/2013/texmf-dist/tex/latex/amsmath/amsopn.sty
Package: amsopn 1999/12/14 v2.01 operator names
LaTeX Info: Redefining \operatorname on input line 46.
)
\inf@bad=\count107
LaTeX Info: Redefining \frac on input line 210.
\uproot@=\count108
\leftroot@=\count109
LaTeX Info: Redefining \overline on input line 306.
\classnum@=\count110
\DOTSCASE@=\count111
LaTeX Info: Redefining \ldots on input line 378.
LaTeX Info: Redefining \dots on input line 381.
LaTeX Info: Redefining \cdots on input line 466.
\Mathstrutbox@=\box31
\strutbox@=\box32
\big@size=\dimen128
LaTeX Font Info:    Redeclaring font encoding OML on input line 566.
LaTeX Font Info:    Redeclaring font encoding OMS on input line 567.
\macc@depth=\count112
\c@MaxMatrixCols=\count113
\dotsspace@=\muskip10
\c@parentequation=\count114
\dspbrk@lvl=\count115
\tag@help=\toks22
\row@=\count116
\column@=\count117
\maxfields@=\count118
\andhelp@=\toks23
\eqnshift@=\dimen129
\alignsep@=\dimen130
\tagshift@=\dimen131
\tagwidth@=\dimen132
\totwidth@=\dimen133
\lineht@=\dimen134
\@envbody=\toks24
\multlinegap=\skip47
\multlinetaggap=\skip48
\mathdisplay@stack=\toks25
LaTeX Info: Redefining \[ on input line 2665.
LaTeX Info: Redefining \] on input line 2666.
)
(/usr/local/texlive/2013/texmf-dist/tex/latex/amsfonts/amssymb.sty
Package: amssymb 2013/01/14 v3.01 AMS font symbols

(/usr/local/texlive/2013/texmf-dist/tex/latex/amsfonts/amsfonts.sty
Package: amsfonts 2013/01/14 v3.01 Basic AMSFonts support
\symAMSa=\mathgroup5
\symAMSb=\mathgroup6
LaTeX Font Info:    Overwriting math alphabet `\mathfrak' in version `bold'
(Font)                  U/euf/m/n --> U/euf/b/n on input line 106.
))
(/usr/local/texlive/2013/texmf-dist/tex/latex/tools/bm.sty
Package: bm 2004/02/26 v1.1c Bold Symbol Support (DPC/FMi)
\symboldoperators=\mathgroup7
\symboldletters=\mathgroup8
\symboldsymbols=\mathgroup9
\symboldlasy=\mathgroup10
LaTeX Font Info:    Redeclaring math alphabet \mathbf on input line 138.
LaTeX Info: Redefining \bm on input line 204.
) (./natbib.sty
Package: natbib 2006/09/06 7.4a (PWD)
\bibhang=\skip49
\bibsep=\skip50
LaTeX Info: Redefining \cite on input line 541.
\c@NAT@ctr=\count119
)
(./SPIKY5.aux)
\openout1 = `SPIKY5.aux'.

LaTeX Font Info:    Checking defaults for OML/cmm/m/it on input line 45.
LaTeX Font Info:    ... okay on input line 45.
LaTeX Font Info:    Checking defaults for T1/cmr/m/n on input line 45.
LaTeX Font Info:    ... okay on input line 45.
LaTeX Font Info:    Checking defaults for OT1/cmr/m/n on input line 45.
LaTeX Font Info:    ... okay on input line 45.
LaTeX Font Info:    Checking defaults for OMS/cmsy/m/n on input line 45.
LaTeX Font Info:    ... okay on input line 45.
LaTeX Font Info:    Checking defaults for OMX/cmex/m/n on input line 45.
LaTeX Font Info:    ... okay on input line 45.
LaTeX Font Info:    Checking defaults for U/cmr/m/n on input line 45.
LaTeX Font Info:    ... okay on input line 45.
LaTeX Font Info:    Try loading font information for U+msa on input line 49.
 (/usr/local/texlive/2013/texmf-dist/tex/latex/amsfonts/umsa.fd
File: umsa.fd 2013/01/14 v3.01 AMS symbols A
)
LaTeX Font Info:    Try loading font information for U+msb on input line 49.

(/usr/local/texlive/2013/texmf-dist/tex/latex/amsfonts/umsb.fd
File: umsb.fd 2013/01/14 v3.01 AMS symbols B
)
LaTeX Font Info:    Font shape `U/lasy/b/n' in size <8> not available
(Font)              Font shape `U/lasy/m/n' tried instead on input line 57.
LaTeX Font Info:    Font shape `U/lasy/b/n' in size <6> not available
(Font)              Font shape `U/lasy/m/n' tried instead on input line 57.
LaTeX Font Info:    Font shape `U/lasy/b/n' in size <5> not available
(Font)              Font shape `U/lasy/m/n' tried instead on input line 57.
\c@sv@footnote=\count120
LaTeX Font Info:    Font shape `U/lasy/b/n' in size <7> not available
(Font)              Font shape `U/lasy/m/n' tried instead on input line 78.


Package natbib Warning: Citation `Victor96' on page 1 undefined on input line 8
0.


Package natbib Warning: Citation `VanRossum01' on page 1 undefined on input lin
e 80.


Package natbib Warning: Citation `Kreuz07c' on page 1 undefined on input line 8
0.


Package natbib Warning: Citation `Kreuz13' on page 1 undefined on input line 80
.

Missing character: There is no ’ in font cmr10!

Package natbib Warning: Citation `Kreuz07c' on page 1 undefined on input line 8
0.


Package natbib Warning: Citation `Kreuz09' on page 1 undefined on input line 80
.


Package natbib Warning: Citation `Kreuz11' on page 1 undefined on input line 80
.


Package natbib Warning: Citation `Kreuz13' on page 1 undefined on input line 80
.


Package natbib Warning: Citation `Kreuz11' on page 1 undefined on input line 95
.


Package natbib Warning: Citation `Kreuz13' on page 1 undefined on input line 95
.


Underfull \vbox (badness 10000) has occurred while \output is active []

File: Fig1_SPIKE_Illustration.eps Graphic file (type eps)

<Fig1_SPIKE_Illustration.eps> [1

] [2]

Package natbib Warning: Citation `Kreuz07c' on page 3 undefined on input line 2
19.


Package natbib Warning: Citation `Kreuz09' on page 3 undefined on input line 21
9.


Package natbib Warning: Citation `Kreuz13' on page 3 undefined on input line 23
5.

Missing character: There is no × in font cmr10!

Underfull \vbox (badness 1675) has occurred while \output is active []

 [3]
File: Fig4_Movie_Screenshot.eps Graphic file (type eps)

<Fig4_Movie_Screenshot.eps>
Missing character: There is no • in font cmr8!

Underfull \vbox (badness 10000) has occurred while \output is active []

 [4]

Package natbib Warning: Citation `Kreuz13' on page 5 undefined on input line 29
3.


Overfull \hbox (55.1842pt too wide) in paragraph at lines 322--328
[]\OT1/cmr/m/n/10 Output (Struc-ture 'SPIKY[]results'): SPIKY[]results.<Measure
>.name:
 []


Overfull \hbox (9.6064pt too wide) in paragraph at lines 322--328
\OT1/cmr/m/n/10 within all other vari-ables) SPIKY[]results.<Measure>.distance:

 []


Overfull \hbox (4.46207pt too wide) in paragraph at lines 322--328
\OT1/cmr/m/n/10 both spike trains and time SPIKY[]results.<Measure>.matrix:
 []

File: Fig3_SPIKY_Flowchart.eps Graphic file (type eps)
<Fig3_SPIKY_Flowchart.eps>
Missing character: There is no • in font cmr8!
 [5]
Missing character: There is no × in font cmr10!

Overfull \hbox (23.10072pt too wide) in paragraph at lines 370--371
\OT1/cmr/m/n/10 found at www.fi.isc.cnr.it/users/thomas.kreuz/sourcecode.html. 

 []


Overfull \hbox (1.36165pt too wide) in paragraph at lines 395--396
[]\OT1/cmr/m/n/10 https://github.com/modulus-metric/spike-train-metrics 
 []


Package natbib Warning: Citation `Rusu14' on page 6 undefined on input line 397
.


Package natbib Warning: Citation `Thibeault14' on page 6 undefined on input lin
e 402.

! Undefined control sequence.
l.407 ... files can be downloaded for free on \url
                                                  {http://www.fi.isc.cnr.it/...
The control sequence at the end of the top line
of your error message was never \def'ed. If you have
misspelled it (e.g., `\hobx'), type `I' and the correct
spelling (e.g., `I\hbox'). Otherwise just continue,
and I'll forget about whatever was undefined.

! Undefined control sequence.
l.407 ...page and on the SPIKY Facebook-page (\url
                                                  {https://www.facebook.com/...
The control sequence at the end of the top line
of your error message was never \def'ed. If you have
misspelled it (e.g., `\hobx'), type `I' and the correct
spelling (e.g., `I\hbox'). Otherwise just continue,
and I'll forget about whatever was undefined.

! Undefined control sequence.
l.407 ...viewed on the SPIKY Youtube-channel (\url
                                                  {https://www.youtube.com/c...
The control sequence at the end of the top line
of your error message was never \def'ed. If you have
misspelled it (e.g., `\hobx'), type `I' and the correct
spelling (e.g., `I\hbox'). Otherwise just continue,
and I'll forget about whatever was undefined.

! Missing $ inserted.
<inserted text> 
                $
l.407 .../www.youtube.com/channel/UCgSz0YQ5lWdVF0_
                                                  Z1FNN0Bw}).
I've inserted a begin-math/end-math symbol since I think
you left one out. Proceed, with fingers crossed.

! Extra }, or forgotten $.
l.407 ...ube.com/channel/UCgSz0YQ5lWdVF0_Z1FNN0Bw}
                                                  ).
I've deleted a group-closing symbol because it seems to be
spurious, as in `$x}$'. But perhaps the } is legitimate and
you forgot something else, as in `\hbox{$x}'. In such cases
the way to recover is to insert both the forgotten and the
deleted material, e.g., by typing `I$}'.

! Missing $ inserted.
<inserted text> 
                $
l.408 
      
I've inserted a begin-math/end-math symbol since I think
you left one out. Proceed, with fingers crossed.


Overfull \hbox (85.7233pt too wide) in paragraph at lines 407--408
\OT1/cmr/m/n/10 be down-loaded for free on http://www.fi.isc.cnr.it/users/thoma
s.kreuz/Source-
 []


Overfull \hbox (25.96075pt too wide) in paragraph at lines 407--408
\OT1/cmr/m/n/10 SPIKY Facebook-page (https://www.facebook.com/SPIKYgui).
 []


Overfull \hbox (67.8851pt too wide) in paragraph at lines 407--408
\OT1/cmr/m/n/10 (https://www.youtube.com/channel/UCgSz0YQ5lWdVF0$[]1\OML/cmm/m/
it/10 FNN\OT1/cmr/m/n/10 0\OML/cmm/m/it/10 Bw\OT1/cmr/m/n/10 )\OML/cmm/m/it/10 
:$ 
 []

[6]
No file SPIKY5.bbl.
[7

]

Package natbib Warning: There were undefined citations.

(./SPIKY5.aux) )
(\end occurred inside a group at level 1)

### simple group (level 1) entered at line 407 ({)
### bottom level 
Here is how much of TeX's memory you used:
 2456 strings out of 493316
 28110 string characters out of 6137931
 91201 words of memory out of 5000000
 5880 multiletter control sequences out of 15000+600000
 21279 words of font info for 84 fonts, out of 8000000 for 9000
 957 hyphenation exceptions out of 8191
 31i,8n,26p,1316b,248s stack positions out of 5000i,500n,10000p,200000b,80000s

Output written on SPIKY5.dvi (7 pages, 45352 bytes).
