This is pdfTeX, Version 3.1415926-2.5-1.40.14 (TeX Live 2013) (format=latex 2014.5.8)  1 JUL 2014 17:03
entering extended mode
 restricted \write18 enabled.
 %&-line parsing enabled.
**SPIKY9.tex
(./SPIKY9.tex
LaTeX2e <2011/06/27>
Babel <3.9f> and hyphenation patterns for 78 languages loaded.
(./elsart5p.cls
Document Class: elsart5p 2006/05/01, 2.19: Elsevier
(./elsart.cls
Document Class: elsart 2006/05/01, 2.19: Elsevier
\@frontmatterwidth=\dimen102
\@bls=\dimen103
\eqntopsep=\skip41
\eqnarraycolsep=\dimen104
\labelwidthi=\dimen105
\labelwidthii=\dimen106
\labelwidthiii=\dimen107
\labelwidthiv=\dimen108
\@maxlistdepth=\count79
\eqnbaselineskip=\skip42
\eqnlineskip=\skip43
\mathindent=\dimen109
\rulepreskip=\dimen110
\rulepostskip=\dimen111
\c@section=\count80
\c@subsection=\count81
\c@subsubsection=\count82
\c@paragraph=\count83
\c@subparagraph=\count84
(/usr/local/texlive/2013/texmf-dist/tex/latex/base/latexsym.sty
Package: latexsym 1998/08/17 v2.2e Standard LaTeX package (lasy symbols)
\symlasy=\mathgroup4
LaTeX Font Info:    Overwriting symbol font `lasy' in version `bold'
(Font)                  U/lasy/m/n --> U/lasy/b/n on input line 47.
)
\c@thm=\count85
\c@alg=\count86
\c@algorithm=\count87
\c@note=\count88
\c@summ=\count89
\c@case=\count90
\@tempcntc=\count91
\c@figure=\count92
\c@table=\count93
\t@glob@notes=\toks14
\t@loc@notes=\toks15
\note@cnt=\count94
\corauth@text=\toks16
\email@text=\toks17
\url@text=\toks18
\c@corauth=\count95
\c@author=\count96
\n@author=\count97
\c@collab=\count98
\n@collab=\count99
\c@address=\count100
\sv@mathsurround=\dimen112
\sv@hyphenpenalty=\count101
\prev@elem=\count102
\cur@elem=\count103
\fm@box=\box26
\fm@size=\dimen113
\t@abstract=\box27
\t@keyword=\box28
\t@xtheight=\dimen114
\@logoheight=\dimen115
\@pubyear=\count104
\c@firstpage=\count105
\c@lastpage=\count106
\slashbox=\box29
LaTeX Font Info:    External font `cmex10' loaded for size
(Font)              <12> on input line 1404.
LaTeX Font Info:    External font `cmex10' loaded for size
(Font)              <8> on input line 1404.
LaTeX Font Info:    External font `cmex10' loaded for size
(Font)              <6> on input line 1404.
LaTeX Font Info:    Try loading font information for U+lasy on input line 1404.


(/usr/local/texlive/2013/texmf-dist/tex/latex/base/ulasy.fd
File: ulasy.fd 1998/08/17 v2.2e LaTeX symbol font definitions
)
\Slashbox=\box30
LaTeX Font Info:    External font `cmex10' loaded for size
(Font)              <14.4> on input line 1405.
LaTeX Font Info:    External font `cmex10' loaded for size
(Font)              <7> on input line 1405.
)
\Arrayrulewidth=\dimen116
\crulepostskip=\dimen117
\@Ldec=\dimen118
\@Rdec=\dimen119
\@Lpmdec=\dimen120
\@Rpmdec=\dimen121
)
(/usr/local/texlive/2013/texmf-dist/tex/latex/graphics/graphicx.sty
Package: graphicx 1999/02/16 v1.0f Enhanced LaTeX Graphics (DPC,SPQR)

(/usr/local/texlive/2013/texmf-dist/tex/latex/graphics/keyval.sty
Package: keyval 1999/03/16 v1.13 key=value parser (DPC)
\KV@toks@=\toks19
)
(/usr/local/texlive/2013/texmf-dist/tex/latex/graphics/graphics.sty
Package: graphics 2009/02/05 v1.0o Standard LaTeX Graphics (DPC,SPQR)

(/usr/local/texlive/2013/texmf-dist/tex/latex/graphics/trig.sty
Package: trig 1999/03/16 v1.09 sin cos tan (DPC)
)
(/usr/local/texlive/2013/texmf-dist/tex/latex/latexconfig/graphics.cfg
File: graphics.cfg 2010/04/23 v1.9 graphics configuration of TeX Live
)
Package graphics Info: Driver file: dvips.def on input line 91.

(/usr/local/texlive/2013/texmf-dist/tex/latex/graphics/dvips.def
File: dvips.def 1999/02/16 v3.0i Driver-dependant file (DPC,SPQR)
))
\Gin@req@height=\dimen122
\Gin@req@width=\dimen123
)
(/usr/local/texlive/2013/texmf-dist/tex/latex/tools/dcolumn.sty
Package: dcolumn 2001/05/28 v1.06 decimal alignment package (DPC)

(/usr/local/texlive/2013/texmf-dist/tex/latex/tools/array.sty
Package: array 2008/09/09 v2.4c Tabular extension package (FMi)
\col@sep=\dimen124
\extrarowheight=\dimen125
\NC@list=\toks20
\extratabsurround=\skip44
\backup@length=\skip45
))
(/usr/local/texlive/2013/texmf-dist/tex/latex/amsmath/amsmath.sty
Package: amsmath 2013/01/14 v2.14 AMS math features
\@mathmargin=\skip46

For additional information on amsmath, use the `?' option.
(/usr/local/texlive/2013/texmf-dist/tex/latex/amsmath/amstext.sty
Package: amstext 2000/06/29 v2.01

(/usr/local/texlive/2013/texmf-dist/tex/latex/amsmath/amsgen.sty
File: amsgen.sty 1999/11/30 v2.0
\@emptytoks=\toks21
\ex@=\dimen126
))
(/usr/local/texlive/2013/texmf-dist/tex/latex/amsmath/amsbsy.sty
Package: amsbsy 1999/11/29 v1.2d
\pmbraise@=\dimen127
)
(/usr/local/texlive/2013/texmf-dist/tex/latex/amsmath/amsopn.sty
Package: amsopn 1999/12/14 v2.01 operator names
LaTeX Info: Redefining \operatorname on input line 46.
)
\inf@bad=\count107
LaTeX Info: Redefining \frac on input line 210.
\uproot@=\count108
\leftroot@=\count109
LaTeX Info: Redefining \overline on input line 306.
\classnum@=\count110
\DOTSCASE@=\count111
LaTeX Info: Redefining \ldots on input line 378.
LaTeX Info: Redefining \dots on input line 381.
LaTeX Info: Redefining \cdots on input line 466.
\Mathstrutbox@=\box31
\strutbox@=\box32
\big@size=\dimen128
LaTeX Font Info:    Redeclaring font encoding OML on input line 566.
LaTeX Font Info:    Redeclaring font encoding OMS on input line 567.
\macc@depth=\count112
\c@MaxMatrixCols=\count113
\dotsspace@=\muskip10
\c@parentequation=\count114
\dspbrk@lvl=\count115
\tag@help=\toks22
\row@=\count116
\column@=\count117
\maxfields@=\count118
\andhelp@=\toks23
\eqnshift@=\dimen129
\alignsep@=\dimen130
\tagshift@=\dimen131
\tagwidth@=\dimen132
\totwidth@=\dimen133
\lineht@=\dimen134
\@envbody=\toks24
\multlinegap=\skip47
\multlinetaggap=\skip48
\mathdisplay@stack=\toks25
LaTeX Info: Redefining \[ on input line 2665.
LaTeX Info: Redefining \] on input line 2666.
)
(/usr/local/texlive/2013/texmf-dist/tex/latex/amsfonts/amssymb.sty
Package: amssymb 2013/01/14 v3.01 AMS font symbols

(/usr/local/texlive/2013/texmf-dist/tex/latex/amsfonts/amsfonts.sty
Package: amsfonts 2013/01/14 v3.01 Basic AMSFonts support
\symAMSa=\mathgroup5
\symAMSb=\mathgroup6
LaTeX Font Info:    Overwriting math alphabet `\mathfrak' in version `bold'
(Font)                  U/euf/m/n --> U/euf/b/n on input line 106.
))
(/usr/local/texlive/2013/texmf-dist/tex/latex/tools/bm.sty
Package: bm 2004/02/26 v1.1c Bold Symbol Support (DPC/FMi)
\symboldoperators=\mathgroup7
\symboldletters=\mathgroup8
\symboldsymbols=\mathgroup9
\symboldlasy=\mathgroup10
LaTeX Font Info:    Redeclaring math alphabet \mathbf on input line 138.
LaTeX Info: Redefining \bm on input line 204.
) (./natbib.sty
Package: natbib 2006/09/06 7.4a (PWD)
\bibhang=\skip49
\bibsep=\skip50
LaTeX Info: Redefining \cite on input line 541.
\c@NAT@ctr=\count119
)
(/usr/local/texlive/2013/texmf-dist/tex/latex/hyperref/hyperref.sty
Package: hyperref 2012/11/06 v6.83m Hypertext links for LaTeX

(/usr/local/texlive/2013/texmf-dist/tex/generic/oberdiek/hobsub-hyperref.sty
Package: hobsub-hyperref 2012/05/28 v1.13 Bundle oberdiek, subset hyperref (HO)


(/usr/local/texlive/2013/texmf-dist/tex/generic/oberdiek/hobsub-generic.sty
Package: hobsub-generic 2012/05/28 v1.13 Bundle oberdiek, subset generic (HO)
Package: hobsub 2012/05/28 v1.13 Construct package bundles (HO)
Package: infwarerr 2010/04/08 v1.3 Providing info/warning/error messages (HO)
Package: ltxcmds 2011/11/09 v1.22 LaTeX kernel commands for general use (HO)
Package: ifluatex 2010/03/01 v1.3 Provides the ifluatex switch (HO)
Package ifluatex Info: LuaTeX not detected.
Package: ifvtex 2010/03/01 v1.5 Detect VTeX and its facilities (HO)
Package ifvtex Info: VTeX not detected.
Package: intcalc 2007/09/27 v1.1 Expandable calculations with integers (HO)
Package: ifpdf 2011/01/30 v2.3 Provides the ifpdf switch (HO)
Package ifpdf Info: pdfTeX in PDF mode is not detected.
Package: etexcmds 2011/02/16 v1.5 Avoid name clashes with e-TeX commands (HO)
Package etexcmds Info: Could not find \expanded.
(etexcmds)             That can mean that you are not using pdfTeX 1.50 or
(etexcmds)             that some package has redefined \expanded.
(etexcmds)             In the latter case, load this package earlier.
Package: kvsetkeys 2012/04/25 v1.16 Key value parser (HO)
Package: kvdefinekeys 2011/04/07 v1.3 Define keys (HO)
Package: pdftexcmds 2011/11/29 v0.20 Utility functions of pdfTeX for LuaTeX (HO
)
Package pdftexcmds Info: LuaTeX not detected.
Package pdftexcmds Info: \pdf@primitive is available.
Package pdftexcmds Info: \pdf@ifprimitive is available.
Package pdftexcmds Info: \pdfdraftmode is ignored in DVI mode.
Package: pdfescape 2011/11/25 v1.13 Implements pdfTeX's escape features (HO)
Package: bigintcalc 2012/04/08 v1.3 Expandable calculations on big integers (HO
)
Package: bitset 2011/01/30 v1.1 Handle bit-vector datatype (HO)
Package: uniquecounter 2011/01/30 v1.2 Provide unlimited unique counter (HO)
)
Package hobsub Info: Skipping package `hobsub' (already loaded).
Package: letltxmacro 2010/09/02 v1.4 Let assignment for LaTeX macros (HO)
Package: hopatch 2012/05/28 v1.2 Wrapper for package hooks (HO)
Package: xcolor-patch 2011/01/30 xcolor patch
Package: atveryend 2011/06/30 v1.8 Hooks at the very end of document (HO)
Package atveryend Info: \enddocument detected (standard20110627).
Package: atbegshi 2011/10/05 v1.16 At begin shipout hook (HO)
Package: refcount 2011/10/16 v3.4 Data extraction from label references (HO)
Package: hycolor 2011/01/30 v1.7 Color options for hyperref/bookmark (HO)
)
(/usr/local/texlive/2013/texmf-dist/tex/generic/ifxetex/ifxetex.sty
Package: ifxetex 2010/09/12 v0.6 Provides ifxetex conditional
)
(/usr/local/texlive/2013/texmf-dist/tex/latex/oberdiek/auxhook.sty
Package: auxhook 2011/03/04 v1.3 Hooks for auxiliary files (HO)
)
(/usr/local/texlive/2013/texmf-dist/tex/latex/oberdiek/kvoptions.sty
Package: kvoptions 2011/06/30 v3.11 Key value format for package options (HO)
)
\@linkdim=\dimen135
\Hy@linkcounter=\count120
\Hy@pagecounter=\count121

(/usr/local/texlive/2013/texmf-dist/tex/latex/hyperref/pd1enc.def
File: pd1enc.def 2012/11/06 v6.83m Hyperref: PDFDocEncoding definition (HO)
)
\Hy@SavedSpaceFactor=\count122

(/usr/local/texlive/2013/texmf-dist/tex/latex/latexconfig/hyperref.cfg
File: hyperref.cfg 2002/06/06 v1.2 hyperref configuration of TeXLive
)
Package hyperref Info: Hyper figures OFF on input line 4443.
Package hyperref Info: Link nesting OFF on input line 4448.
Package hyperref Info: Hyper index ON on input line 4451.
Package hyperref Info: Plain pages OFF on input line 4458.
Package hyperref Info: Backreferencing OFF on input line 4463.
Package hyperref Info: Implicit mode ON; LaTeX internals redefined.
Package hyperref Info: Bookmarks ON on input line 4688.
\c@Hy@tempcnt=\count123

(/usr/local/texlive/2013/texmf-dist/tex/latex/url/url.sty
\Urlmuskip=\muskip11
Package: url 2006/04/12  ver 3.3  Verb mode for urls, etc.
)
LaTeX Info: Redefining \url on input line 5041.
\XeTeXLinkMargin=\dimen136
\Fld@menulength=\count124
\Field@Width=\dimen137
\Fld@charsize=\dimen138
Package hyperref Info: Hyper figures OFF on input line 6295.
Package hyperref Info: Link nesting OFF on input line 6300.
Package hyperref Info: Hyper index ON on input line 6303.
Package hyperref Info: backreferencing OFF on input line 6310.
Package hyperref Info: Link coloring OFF on input line 6315.
Package hyperref Info: Link coloring with OCG OFF on input line 6320.
Package hyperref Info: PDF/A mode OFF on input line 6325.
LaTeX Info: Redefining \ref on input line 6365.
LaTeX Info: Redefining \pageref on input line 6369.
\Hy@abspage=\count125
\c@Item=\count126
\c@Hfootnote=\count127
)

Package hyperref Message: Driver (default): hdvips.

(/usr/local/texlive/2013/texmf-dist/tex/latex/hyperref/hdvips.def
File: hdvips.def 2012/11/06 v6.83m Hyperref driver for dvips

(/usr/local/texlive/2013/texmf-dist/tex/latex/hyperref/pdfmark.def
File: pdfmark.def 2012/11/06 v6.83m Hyperref definitions for pdfmark specials
\pdf@docset=\toks26
\pdf@box=\box33
\pdf@toks=\toks27
\pdf@defaulttoks=\toks28
\HyField@AnnotCount=\count128
\Fld@listcount=\count129
\c@bookmark@seq@number=\count130

(/usr/local/texlive/2013/texmf-dist/tex/latex/oberdiek/rerunfilecheck.sty
Package: rerunfilecheck 2011/04/15 v1.7 Rerun checks for auxiliary files (HO)
Package uniquecounter Info: New unique counter `rerunfilecheck' on input line 2
82.
)
\Hy@SectionHShift=\skip51
))
(./SPIKY9.aux)
\openout1 = `SPIKY9.aux'.

LaTeX Font Info:    Checking defaults for OML/cmm/m/it on input line 43.
LaTeX Font Info:    ... okay on input line 43.
LaTeX Font Info:    Checking defaults for T1/cmr/m/n on input line 43.
LaTeX Font Info:    ... okay on input line 43.
LaTeX Font Info:    Checking defaults for OT1/cmr/m/n on input line 43.
LaTeX Font Info:    ... okay on input line 43.
LaTeX Font Info:    Checking defaults for OMS/cmsy/m/n on input line 43.
LaTeX Font Info:    ... okay on input line 43.
LaTeX Font Info:    Checking defaults for OMX/cmex/m/n on input line 43.
LaTeX Font Info:    ... okay on input line 43.
LaTeX Font Info:    Checking defaults for U/cmr/m/n on input line 43.
LaTeX Font Info:    ... okay on input line 43.
LaTeX Font Info:    Checking defaults for PD1/pdf/m/n on input line 43.
LaTeX Font Info:    ... okay on input line 43.
\AtBeginShipoutBox=\box34


Package hyperref Warning: Height of page (\paperheight) is invalid (0.0pt),
(hyperref)                using 11in.

Package hyperref Info: Link coloring OFF on input line 43.
(/usr/local/texlive/2013/texmf-dist/tex/latex/hyperref/nameref.sty
Package: nameref 2012/10/27 v2.43 Cross-referencing by name of section

(/usr/local/texlive/2013/texmf-dist/tex/generic/oberdiek/gettitlestring.sty
Package: gettitlestring 2010/12/03 v1.4 Cleanup title references (HO)
)
\c@section@level=\count131
)
LaTeX Info: Redefining \ref on input line 43.
LaTeX Info: Redefining \pageref on input line 43.
LaTeX Info: Redefining \nameref on input line 43.

(./SPIKY9.out) (./SPIKY9.out)
\@outlinefile=\write3
\openout3 = `SPIKY9.out'.



Package hyperref Warning: Rerun to get /PageLabels entry.

LaTeX Font Info:    Try loading font information for U+msa on input line 47.
(/usr/local/texlive/2013/texmf-dist/tex/latex/amsfonts/umsa.fd
File: umsa.fd 2013/01/14 v3.01 AMS symbols A
)
LaTeX Font Info:    Try loading font information for U+msb on input line 47.

(/usr/local/texlive/2013/texmf-dist/tex/latex/amsfonts/umsb.fd
File: umsb.fd 2013/01/14 v3.01 AMS symbols B
)
LaTeX Font Info:    Font shape `U/lasy/b/n' in size <8> not available
(Font)              Font shape `U/lasy/m/n' tried instead on input line 55.
LaTeX Font Info:    Font shape `U/lasy/b/n' in size <6> not available
(Font)              Font shape `U/lasy/m/n' tried instead on input line 55.
LaTeX Font Info:    Font shape `U/lasy/b/n' in size <5> not available
(Font)              Font shape `U/lasy/m/n' tried instead on input line 55.
\c@sv@footnote=\count132
LaTeX Font Info:    Font shape `U/lasy/b/n' in size <7> not available
(Font)              Font shape `U/lasy/m/n' tried instead on input line 83.


Package natbib Warning: Citation `Pikovsky01' on page 1 undefined on input line
 96.


Package natbib Warning: Citation `Tiesinga08' on page 1 undefined on input line
 96.


Package natbib Warning: Citation `Shlens08' on page 1 undefined on input line 9
6.


Package natbib Warning: Citation `Nirenberg07' on page 1 undefined on input lin
e 96.


Package natbib Warning: Citation `Kumar10' on page 1 undefined on input line 96
.


Package natbib Warning: Citation `Mainen95' on page 1 undefined on input line 9
8.


Package natbib Warning: Citation `Victor05' on page 1 undefined on input line 9
8.


Package natbib Warning: Citation `Truccolo11' on page 1 undefined on input line
 100.


Package natbib Warning: Citation `Bower12' on page 1 undefined on input line 10
0.


Package natbib Warning: Citation `Mormann07' on page 1 undefined on input line 
100.


Underfull \vbox (badness 10000) has occurred while \output is active []

 [1

]

Package natbib Warning: Citation `Miller08' on page 2 undefined on input line 1
02.


Package natbib Warning: Citation `Hochberg06' on page 2 undefined on input line
 102.


Package natbib Warning: Citation `Sanchez08' on page 2 undefined on input line 
102.


Package natbib Warning: Citation `Truccolo11' on page 2 undefined on input line
 108.


Package natbib Warning: Citation `Bower12' on page 2 undefined on input line 10
8.


Package natbib Warning: Citation `Miller08' on page 2 undefined on input line 1
08.


Package natbib Warning: Citation `Mormann07' on page 2 undefined on input line 
108.


Package natbib Warning: Citation `Hochberg06' on page 2 undefined on input line
 108.


Package natbib Warning: Citation `Sanchez08' on page 2 undefined on input line 
108.

Missing character: There is no â in font cmr10!
Missing character: There is no € in font cmr10!
Missing character: There is no ™ in font cmr10!
Missing character: There is no Ì in font cmr10!
Missing character: There is no ˆ in font cmr10!

Package natbib Warning: Citation `Victor96' on page 2 undefined on input line 1
39.


Package natbib Warning: Citation `VanRossum01' on page 2 undefined on input lin
e 139.


Package natbib Warning: Citation `Kreuz07c' on page 2 undefined on input line 1
39.


Package natbib Warning: Citation `Kreuz13' on page 2 undefined on input line 13
9.


Package natbib Warning: Citation `Kreuz07c' on page 2 undefined on input line 1
39.


Package natbib Warning: Citation `Kreuz09' on page 2 undefined on input line 13
9.


Package natbib Warning: Citation `Kreuz11' on page 2 undefined on input line 13
9.


Package natbib Warning: Citation `Kreuz13' on page 2 undefined on input line 13
9.


LaTeX Warning: Reference `ss:Improvements' on page 2 undefined on input line 14
7.


LaTeX Warning: Reference `ss:Information-reduction' on page 2 undefined on inpu
t line 147.

[2]
! Missing $ inserted.
<inserted text> 
                $
l.149 ...terface itself. While the program 'SPIKY_
                                                  loop' (Subsection \ref{ss:...
I've inserted a begin-math/end-math symbol since I think
you left one out. Proceed, with fingers crossed.


! LaTeX Error: Command \bfseries invalid in math mode.

See the LaTeX manual or LaTeX Companion for explanation.
Type  H <return>  for immediate help.
 ...                                              
                                                  
l.149 ...ously published codes (e.g. \cite{Rusu14}
                                                  ). Finally, in Section \re...

Please use the math alphabet \mathbf instead of the \bfseries command. 


Package natbib Warning: Citation `Rusu14' on page 3 undefined on input line 149
.

! Missing $ inserted.
<inserted text> 
                $
l.150 
      
I've inserted a begin-math/end-math symbol since I think
you left one out. Proceed, with fingers crossed.


Overfull \hbox (1965.6443pt too wide) in paragraph at lines 149--150
\OT1/cmr/m/n/10 'SPIKY$[]\OML/cmm/m/it/10 oop[]\OT1/cmr/m/n/10 (\OML/cmm/m/it/1
0 Subsection\OT1/cmr/m/n/10 3\OML/cmm/m/it/10 :\OT1/cmr/m/n/10 3)\OML/cmm/m/it/
10 ismeanttobeusedforthecollectiveanalysisofmanydifferentdatasets\OT1/cmr/m/n/1
0 (\OML/cmm/m/it/10 e:g:whenthestatisticsofacertainquantityshouldbeevaluatedove
rallavailabledatasets\OT1/cmr/m/n/10 )\OML/cmm/m/it/10 ; theprogram[]SPIKY[]oop
[]urro[]\OT1/cmr/m/n/10 (\OML/cmm/m/it/10 Subsection\OT1/cmr/m/n/10 3\OML/cmm/m
/it/10 :\OT1/cmr/m/n/10 4)\OML/cmm/m/it/10 wasdesignedtoevaluatethestatisticals
ignificanceoftheresultsobtainedfortheoriginaldatasetbycomparingthemagainstthere
sultsobtainedforspiketrainsurrogatesgeneratedfromthatdataset:InSubsection\OT1/c
mr/m/n/10 3\OML/cmm/m/it/10 :\OT1/cmr/m/n/10 5\OML/cmm/m/it/10 weinvestigatethe
performanceofournewimplementationofthetime \OMS/cmsy/m/n/10 ^^@
 []


Overfull \hbox (754.88425pt too wide) in paragraph at lines 149--150
\OML/cmm/m/it/10 resolvedmeasuresofspiketrainsynchronyandcompareitwithpreviousl
ypublishedcodes\OT1/cmr/m/n/10 (\OML/cmm/m/it/10 e:g:[]\OT1/cmr/m/n/10 )\OML/cm
m/m/it/10 :Finally; inSection\OT1/cmr/m/n/10 4\OML/cmm/m/it/10 wesummarizebotht
hemethodsandtheprogram; discusstheirlimitationsandpresentanoutlookonfuturedevel
opments:$ 
 []


Package natbib Warning: Citation `Kreuz07c' on page 3 undefined on input line 1
62.


Package natbib Warning: Citation `Kreuz09' on page 3 undefined on input line 16
2.


Package natbib Warning: Citation `Kreuz11' on page 3 undefined on input line 18
0.


Package natbib Warning: Citation `Kreuz13' on page 3 undefined on input line 18
0.

File: Fig1_SPIKE_Illustration.eps Graphic file (type eps)
<Fig1_SPIKE_Illustration.eps> [3] [4]
Underfull \vbox (badness 3229) has occurred while \output is active []



Package natbib Warning: Citation `Kreuz13' on page 5 undefined on input line 31
6.

[5]

LaTeX Warning: Reference `ss:Information-reduction' on page 6 undefined on inpu
t line 347.


Overfull \hbox (105.55257pt too wide) in paragraph at lines 352--353
\OT1/cmr/m/n/10 ([][][][]).
 []


Overfull \hbox (32.15997pt too wide) in paragraph at lines 352--353
[][][][] \OT1/cmr/m/n/10 ([][][][]).
 []


Overfull \hbox (161.93669pt too wide) in paragraph at lines 354--355
[][][][] \OT1/cmr/m/n/10 ([][][][]). 
 []


Package natbib Warning: Citation `Kreuz13' on page 6 undefined on input line 36
0.

File: SPIKY_Flowchart_Neb.eps Graphic file (type eps)
<SPIKY_Flowchart_Neb.eps> [6]
File: Fig2-Movie-Screenshot.eps Graphic file (type eps)
 <Fig2-Movie-Screenshot.eps>
Missing character: There is no ï in font cmr8!
Missing character: There is no ¿ in font cmr8!
Missing character: There is no ½ in font cmr8!


Package natbib Warning: Citation `Kreuz11' on page 7 undefined on input line 37
9.


LaTeX Warning: Reference `ss:Information-reduction' on page 7 undefined on inpu
t line 379.


Package natbib Warning: Citation `Kreuz13' on page 7 undefined on input line 39
0.

[7]

LaTeX Warning: Reference `ss:Information-reduction' on page 8 undefined on inpu
t line 414.


Underfull \hbox (badness 4144) in paragraph at lines 414--415
\OT1/cmr/m/n/10 workspace for fur-ther pro-cess-ing. When one clicks
 []


Underfull \hbox (badness 10000) in paragraph at lines 414--415
\OT1/cmr/m/n/10 ables such as 'SPIKY[]spikes', 'SPIKY[]profile[]X[]1',
 []


Underfull \vbox (badness 3503) has occurred while \output is active []



LaTeX Warning: Reference `ss:Information-reduction' on page 8 undefined on inpu
t line 431.

[8]

Package natbib Warning: Citation `Kass05' on page 9 undefined on input line 438
.


Package natbib Warning: Citation `Gruen09' on page 9 undefined on input line 43
8.


Package natbib Warning: Citation `Louis10' on page 9 undefined on input line 43
8.


Overfull \hbox (8.45099pt too wide) in paragraph at lines 440--442
[]\OT1/cmr/m/n/10 The SPIKY-package con-tains a pro-gram 'Spiky[]loop[]surro'
 []


Overfull \hbox (37.74759pt too wide) in paragraph at lines 462--463
[][][][][] 
 []


Package natbib Warning: Citation `Rusu14' on page 9 undefined on input line 464
.


LaTeX Warning: Reference `ss:Information-reduction' on page 9 undefined on inpu
t line 466.


Package natbib Warning: Citation `Thibeault14' on page 9 undefined on input lin
e 471.


Package natbib Warning: Citation `Papoutsi13' on page 9 undefined on input line
 491.


Package natbib Warning: Citation `DiPoppa13' on page 9 undefined on input line 
491.


Package natbib Warning: Citation `Rusu14' on page 9 undefined on input line 491
.


Package natbib Warning: Citation `Sacre14' on page 9 undefined on input line 49
1.

[9]
No file SPIKY9.bbl.
[10

]

Package natbib Warning: There were undefined citations.

Package atveryend Info: Empty hook `BeforeClearDocument' on input line 541.
Package atveryend Info: Empty hook `AfterLastShipout' on input line 541.
(./SPIKY9.aux)
Package atveryend Info: Empty hook `AtVeryEndDocument' on input line 541.
Package atveryend Info: Executing hook `AtEndAfterFileList' on input line 541.


Package rerunfilecheck Warning: File `SPIKY9.out' has changed.
(rerunfilecheck)                Rerun to get outlines right
(rerunfilecheck)                or use package `bookmark'.

Package rerunfilecheck Info: Checksums for `SPIKY9.out':
(rerunfilecheck)             Before: 36E9DFC80691F472E0A88229986A1C1E;1184
(rerunfilecheck)             After:  02A72D254A4AB35DCBB96139F9CDE311;1214.

LaTeX Warning: There were undefined references.


LaTeX Warning: Label(s) may have changed. Rerun to get cross-references right.

Package atveryend Info: Empty hook `AtVeryVeryEnd' on input line 541.
 ) 
Here is how much of TeX's memory you used:
 6483 strings out of 493316
 89774 string characters out of 6137931
 187860 words of memory out of 5000000
 9856 multiletter control sequences out of 15000+600000
 21447 words of font info for 85 fonts, out of 8000000 for 9000
 957 hyphenation exceptions out of 8191
 31i,8n,28p,1682b,328s stack positions out of 5000i,500n,10000p,200000b,80000s

Output written on SPIKY9.dvi (10 pages, 87944 bytes).
