\BOOKMARK [1][-]{section.1}{ Introduction}{}% 1
\BOOKMARK [1][-]{section.2}{ Measures}{}% 2
\BOOKMARK [2][-]{subsection.2.1}{ The SPIKE-distance}{section.2}% 3
\BOOKMARK [2][-]{subsection.2.2}{ Realtime SPIKE-distance}{section.2}% 4
\BOOKMARK [2][-]{subsection.2.3}{ Future SPIKE-distance}{section.2}% 5
\BOOKMARK [2][-]{subsection.2.4}{ The ISI-distance}{section.2}% 6
\BOOKMARK [2][-]{subsection.2.5}{ Computational aspects}{section.2}% 7
\BOOKMARK [2][-]{subsection.2.6}{ Representations}{section.2}% 8
\BOOKMARK [1][-]{section.3}{ SPIKY}{}% 9
\BOOKMARK [2][-]{subsection.3.1}{ Structure of SPIKY}{section.3}% 10
\BOOKMARK [2][-]{subsection.3.2}{ Input}{section.3}% 11
\BOOKMARK [2][-]{subsection.3.3}{ Output}{section.3}% 12
\BOOKMARK [2][-]{subsection.3.4}{ Figure-Layout}{section.3}% 13
\BOOKMARK [2][-]{subsection.3.5}{ GUI vs. loop}{section.3}% 14
\BOOKMARK [2][-]{subsection.3.6}{ Spike train surrogates and significance}{section.3}% 15
\BOOKMARK [2][-]{subsection.3.7}{ Comparison with other implementations}{section.3}% 16
\BOOKMARK [2][-]{subsection.3.8}{ Access to SPIKY}{section.3}% 17
\BOOKMARK [1][-]{section.4}{ Discussion}{}% 18
\BOOKMARK [2][-]{subsection.4.1}{ Summary}{section.4}% 19
\BOOKMARK [2][-]{subsection.4.2}{ Limitations}{section.4}% 20
\BOOKMARK [2][-]{subsection.4.3}{ Outlook}{section.4}% 21
